2025-03-11 11:18:27 [restartedMain] INFO  v.s.spring.SpringDemoApplication - Starting SpringDemoApplication using Java 17.0.14 with PID 21704 (D:\workspace\demo\SpringDemo\target\classes started by sirius in D:\workspace\demo\SpringDemo)
2025-03-11 11:18:27 [restartedMain] INFO  v.s.spring.SpringDemoApplication - No active profile set, falling back to 1 default profile: "default"
2025-03-11 11:18:27 [restartedMain] INFO  o.s.b.d.e.DevToolsPropertyDefaultsPostProcessor - Devtools property defaults active! Set 'spring.devtools.add-properties' to 'false' to disable
2025-03-11 11:18:27 [restartedMain] INFO  o.s.b.d.e.DevToolsPropertyDefaultsPostProcessor - For additional web related logging consider setting the 'logging.level.web' property to 'DEBUG'
2025-03-11 11:18:28 [restartedMain] WARN  o.s.c.s.PostProcessorRegistrationDelegate$BeanPostProcessorChecker - Bean 'org.springframework.ws.config.annotation.DelegatingWsConfiguration' of type [org.springframework.ws.config.annotation.DelegatingWsConfiguration$$SpringCGLIB$$0] is not eligible for getting processed by all BeanPostProcessors (for example: not eligible for auto-proxying). The currently created BeanPostProcessor [annotationActionEndpointMapping] is declared through a non-static factory method on that class; consider declaring it as static instead.
2025-03-11 11:18:28 [restartedMain] INFO  o.s.w.s.a.s.AnnotationActionEndpointMapping - Supporting [WS-Addressing August 2004, WS-Addressing 1.0]
2025-03-11 11:18:28 [restartedMain] INFO  o.s.b.w.e.tomcat.TomcatWebServer - Tomcat initialized with port 8999 (http)
2025-03-11 11:18:28 [restartedMain] INFO  o.a.coyote.http11.Http11NioProtocol - Initializing ProtocolHandler ["http-nio-8999"]
2025-03-11 11:18:28 [restartedMain] INFO  o.a.catalina.core.StandardService - Starting service [Tomcat]
2025-03-11 11:18:28 [restartedMain] INFO  o.a.catalina.core.StandardEngine - Starting Servlet engine: [Apache Tomcat/10.1.36]
2025-03-11 11:18:28 [restartedMain] INFO  o.a.c.c.C.[Tomcat].[localhost].[/] - Initializing Spring embedded WebApplicationContext
2025-03-11 11:18:28 [restartedMain] INFO  o.s.b.w.s.c.ServletWebServerApplicationContext - Root WebApplicationContext: initialization completed in 764 ms
2025-03-11 11:18:28 [restartedMain] WARN  o.s.b.d.a.OptionalLiveReloadServer - Unable to start LiveReload server
2025-03-11 11:18:28 [restartedMain] INFO  o.a.coyote.http11.Http11NioProtocol - Starting ProtocolHandler ["http-nio-8999"]
2025-03-11 11:18:28 [restartedMain] INFO  o.s.b.w.e.tomcat.TomcatWebServer - Tomcat started on port 8999 (http) with context path '/'
2025-03-11 11:18:28 [restartedMain] INFO  v.s.spring.SpringDemoApplication - Started SpringDemoApplication in 1.519 seconds (process running for 2.101)
2025-03-11 11:18:28 [Thread-5] INFO  v.s.s.service.BackgroundTaskService - 执行任务中...
2025-03-11 11:18:28 [Thread-5] INFO  v.s.spring.service.ActionService - getNextAction
2025-03-11 11:18:31 [Thread-5] INFO  v.s.s.service.BackgroundTaskService - 执行任务中...
2025-03-11 11:18:31 [Thread-5] INFO  v.s.spring.service.ActionService - getNextAction
2025-03-11 11:18:34 [Thread-5] INFO  v.s.s.service.BackgroundTaskService - 执行任务中...
2025-03-11 11:18:34 [Thread-5] INFO  v.s.spring.service.ActionService - getNextAction
2025-03-11 11:18:37 [Thread-5] INFO  v.s.s.service.BackgroundTaskService - 执行任务中...
2025-03-11 11:18:37 [Thread-5] INFO  v.s.spring.service.ActionService - getNextAction
2025-03-11 11:18:40 [Thread-5] INFO  v.s.s.service.BackgroundTaskService - 执行任务中...
2025-03-11 11:18:40 [Thread-5] INFO  v.s.spring.service.ActionService - getNextAction
2025-03-11 11:18:43 [Thread-5] INFO  v.s.s.service.BackgroundTaskService - 执行任务中...
2025-03-11 11:18:43 [Thread-5] INFO  v.s.spring.service.ActionService - getNextAction
2025-03-11 11:18:46 [Thread-5] INFO  v.s.s.service.BackgroundTaskService - 执行任务中...
2025-03-11 11:18:46 [Thread-5] INFO  v.s.spring.service.ActionService - getNextAction
2025-03-11 11:18:49 [Thread-5] INFO  v.s.s.service.BackgroundTaskService - 执行任务中...
2025-03-11 11:18:49 [Thread-5] INFO  v.s.spring.service.ActionService - getNextAction
2025-03-11 11:18:52 [Thread-5] INFO  v.s.s.service.BackgroundTaskService - 执行任务中...
2025-03-11 11:18:52 [Thread-5] INFO  v.s.spring.service.ActionService - getNextAction
2025-03-11 11:18:55 [Thread-5] INFO  v.s.s.service.BackgroundTaskService - 执行任务中...
2025-03-11 11:18:55 [Thread-5] INFO  v.s.spring.service.ActionService - getNextAction
2025-03-11 11:18:58 [Thread-5] INFO  v.s.s.service.BackgroundTaskService - 执行任务中...
2025-03-11 11:18:58 [Thread-5] INFO  v.s.spring.service.ActionService - getNextAction
2025-03-11 11:19:01 [Thread-5] INFO  v.s.s.service.BackgroundTaskService - 执行任务中...
2025-03-11 11:19:01 [Thread-5] INFO  v.s.spring.service.ActionService - getNextAction
2025-03-11 11:19:04 [Thread-5] INFO  v.s.s.service.BackgroundTaskService - 执行任务中...
2025-03-11 11:19:04 [Thread-5] INFO  v.s.spring.service.ActionService - getNextAction
2025-03-11 11:19:07 [Thread-5] INFO  v.s.s.service.BackgroundTaskService - 执行任务中...
2025-03-11 11:19:07 [Thread-5] INFO  v.s.spring.service.ActionService - getNextAction
2025-03-11 11:19:10 [Thread-5] INFO  v.s.s.service.BackgroundTaskService - 执行任务中...
2025-03-11 11:19:10 [Thread-5] INFO  v.s.spring.service.ActionService - getNextAction
2025-03-11 11:19:13 [Thread-5] INFO  v.s.s.service.BackgroundTaskService - 执行任务中...
2025-03-11 11:19:13 [Thread-5] INFO  v.s.spring.service.ActionService - getNextAction
2025-03-11 11:19:16 [Thread-5] INFO  v.s.s.service.BackgroundTaskService - 执行任务中...
2025-03-11 11:19:16 [Thread-5] INFO  v.s.spring.service.ActionService - getNextAction
2025-03-11 11:19:19 [Thread-5] INFO  v.s.s.service.BackgroundTaskService - 执行任务中...
2025-03-11 11:19:19 [Thread-5] INFO  v.s.spring.service.ActionService - getNextAction
2025-03-11 11:19:22 [Thread-5] INFO  v.s.s.service.BackgroundTaskService - 执行任务中...
2025-03-11 11:19:22 [Thread-5] INFO  v.s.spring.service.ActionService - getNextAction
2025-03-11 11:19:25 [Thread-5] INFO  v.s.s.service.BackgroundTaskService - 执行任务中...
2025-03-11 11:19:25 [Thread-5] INFO  v.s.spring.service.ActionService - getNextAction
2025-03-11 11:19:28 [Thread-5] INFO  v.s.s.service.BackgroundTaskService - 执行任务中...
2025-03-11 11:19:28 [Thread-5] INFO  v.s.spring.service.ActionService - getNextAction
2025-03-11 11:19:31 [Thread-5] INFO  v.s.s.service.BackgroundTaskService - 执行任务中...
2025-03-11 11:19:31 [Thread-5] INFO  v.s.spring.service.ActionService - getNextAction
2025-03-11 11:19:34 [Thread-5] INFO  v.s.s.service.BackgroundTaskService - 执行任务中...
2025-03-11 11:19:34 [Thread-5] INFO  v.s.spring.service.ActionService - getNextAction
2025-03-11 11:19:37 [Thread-5] INFO  v.s.s.service.BackgroundTaskService - 执行任务中...
2025-03-11 11:19:37 [Thread-5] INFO  v.s.spring.service.ActionService - getNextAction
2025-03-11 11:19:40 [Thread-5] INFO  v.s.s.service.BackgroundTaskService - 执行任务中...
2025-03-11 11:19:40 [Thread-5] INFO  v.s.spring.service.ActionService - getNextAction
2025-03-11 11:19:43 [Thread-5] INFO  v.s.s.service.BackgroundTaskService - 执行任务中...
2025-03-11 11:19:43 [Thread-5] INFO  v.s.spring.service.ActionService - getNextAction
2025-03-11 11:19:46 [Thread-5] INFO  v.s.s.service.BackgroundTaskService - 执行任务中...
2025-03-11 11:19:46 [Thread-5] INFO  v.s.spring.service.ActionService - getNextAction
2025-03-11 11:19:49 [Thread-5] INFO  v.s.s.service.BackgroundTaskService - 执行任务中...
2025-03-11 11:19:49 [Thread-5] INFO  v.s.spring.service.ActionService - getNextAction
2025-03-11 11:19:52 [Thread-5] INFO  v.s.s.service.BackgroundTaskService - 执行任务中...
2025-03-11 11:19:52 [Thread-5] INFO  v.s.spring.service.ActionService - getNextAction
2025-03-11 11:19:55 [Thread-5] INFO  v.s.s.service.BackgroundTaskService - 执行任务中...
2025-03-11 11:19:55 [Thread-5] INFO  v.s.spring.service.ActionService - getNextAction
2025-03-11 11:19:58 [Thread-5] INFO  v.s.s.service.BackgroundTaskService - 执行任务中...
2025-03-11 11:19:58 [Thread-5] INFO  v.s.spring.service.ActionService - getNextAction
2025-03-11 11:20:01 [Thread-5] INFO  v.s.s.service.BackgroundTaskService - 执行任务中...
2025-03-11 11:20:01 [Thread-5] INFO  v.s.spring.service.ActionService - getNextAction
2025-03-11 11:20:04 [Thread-5] INFO  v.s.s.service.BackgroundTaskService - 执行任务中...
2025-03-11 11:20:04 [Thread-5] INFO  v.s.spring.service.ActionService - getNextAction
2025-03-11 11:20:07 [Thread-5] INFO  v.s.s.service.BackgroundTaskService - 执行任务中...
2025-03-11 11:20:07 [Thread-5] INFO  v.s.spring.service.ActionService - getNextAction
2025-03-11 11:20:10 [Thread-5] INFO  v.s.s.service.BackgroundTaskService - 执行任务中...
2025-03-11 11:20:10 [Thread-5] INFO  v.s.spring.service.ActionService - getNextAction
2025-03-11 11:20:13 [Thread-5] INFO  v.s.s.service.BackgroundTaskService - 执行任务中...
2025-03-11 11:20:13 [Thread-5] INFO  v.s.spring.service.ActionService - getNextAction
2025-03-11 11:20:16 [Thread-5] INFO  v.s.s.service.BackgroundTaskService - 执行任务中...
2025-03-11 11:20:16 [Thread-5] INFO  v.s.spring.service.ActionService - getNextAction
2025-03-11 11:20:19 [Thread-5] INFO  v.s.s.service.BackgroundTaskService - 执行任务中...
2025-03-11 11:20:19 [Thread-5] INFO  v.s.spring.service.ActionService - getNextAction
2025-03-11 11:20:22 [Thread-5] INFO  v.s.s.service.BackgroundTaskService - 执行任务中...
2025-03-11 11:20:22 [Thread-5] INFO  v.s.spring.service.ActionService - getNextAction
2025-03-11 11:20:25 [Thread-5] INFO  v.s.s.service.BackgroundTaskService - 执行任务中...
2025-03-11 11:20:25 [Thread-5] INFO  v.s.spring.service.ActionService - getNextAction
2025-03-11 11:20:28 [Thread-5] INFO  v.s.s.service.BackgroundTaskService - 执行任务中...
2025-03-11 11:20:28 [Thread-5] INFO  v.s.spring.service.ActionService - getNextAction
2025-03-11 11:20:31 [Thread-5] INFO  v.s.s.service.BackgroundTaskService - 执行任务中...
2025-03-11 11:20:31 [Thread-5] INFO  v.s.spring.service.ActionService - getNextAction
2025-03-11 11:20:35 [Thread-5] INFO  v.s.s.service.BackgroundTaskService - 执行任务中...
2025-03-11 11:20:35 [Thread-5] INFO  v.s.spring.service.ActionService - getNextAction
2025-03-11 11:20:38 [Thread-5] INFO  v.s.s.service.BackgroundTaskService - 执行任务中...
2025-03-11 11:20:38 [Thread-5] INFO  v.s.spring.service.ActionService - getNextAction
2025-03-11 11:20:41 [Thread-5] INFO  v.s.s.service.BackgroundTaskService - 执行任务中...
2025-03-11 11:20:41 [Thread-5] INFO  v.s.spring.service.ActionService - getNextAction
2025-03-11 11:20:44 [Thread-5] INFO  v.s.s.service.BackgroundTaskService - 执行任务中...
2025-03-11 11:20:44 [Thread-5] INFO  v.s.spring.service.ActionService - getNextAction
2025-03-11 11:20:47 [Thread-5] INFO  v.s.s.service.BackgroundTaskService - 执行任务中...
2025-03-11 11:20:47 [Thread-5] INFO  v.s.spring.service.ActionService - getNextAction
2025-03-11 11:20:50 [Thread-5] INFO  v.s.s.service.BackgroundTaskService - 执行任务中...
2025-03-11 11:20:50 [Thread-5] INFO  v.s.spring.service.ActionService - getNextAction
2025-03-11 11:20:53 [Thread-5] INFO  v.s.s.service.BackgroundTaskService - 执行任务中...
2025-03-11 11:20:53 [Thread-5] INFO  v.s.spring.service.ActionService - getNextAction
2025-03-11 11:20:56 [Thread-5] INFO  v.s.s.service.BackgroundTaskService - 执行任务中...
2025-03-11 11:20:56 [Thread-5] INFO  v.s.spring.service.ActionService - getNextAction
2025-03-11 11:20:59 [Thread-5] INFO  v.s.s.service.BackgroundTaskService - 执行任务中...
2025-03-11 11:20:59 [Thread-5] INFO  v.s.spring.service.ActionService - getNextAction
2025-03-11 11:21:02 [Thread-5] INFO  v.s.s.service.BackgroundTaskService - 执行任务中...
2025-03-11 11:21:02 [Thread-5] INFO  v.s.spring.service.ActionService - getNextAction
2025-03-11 11:21:05 [Thread-5] INFO  v.s.s.service.BackgroundTaskService - 执行任务中...
2025-03-11 11:21:05 [Thread-5] INFO  v.s.spring.service.ActionService - getNextAction
2025-03-11 11:21:08 [Thread-5] INFO  v.s.s.service.BackgroundTaskService - 执行任务中...
2025-03-11 11:21:08 [Thread-5] INFO  v.s.spring.service.ActionService - getNextAction
2025-03-11 11:21:11 [Thread-5] INFO  v.s.s.service.BackgroundTaskService - 执行任务中...
2025-03-11 11:21:11 [Thread-5] INFO  v.s.spring.service.ActionService - getNextAction
2025-03-11 11:21:14 [Thread-5] INFO  v.s.s.service.BackgroundTaskService - 执行任务中...
2025-03-11 11:21:14 [Thread-5] INFO  v.s.spring.service.ActionService - getNextAction
2025-03-11 11:21:17 [Thread-5] INFO  v.s.s.service.BackgroundTaskService - 执行任务中...
2025-03-11 11:21:17 [Thread-5] INFO  v.s.spring.service.ActionService - getNextAction
2025-03-11 11:21:20 [Thread-5] INFO  v.s.s.service.BackgroundTaskService - 执行任务中...
2025-03-11 11:21:20 [Thread-5] INFO  v.s.spring.service.ActionService - getNextAction
2025-03-11 11:21:23 [Thread-5] INFO  v.s.s.service.BackgroundTaskService - 执行任务中...
2025-03-11 11:21:23 [Thread-5] INFO  v.s.spring.service.ActionService - getNextAction
2025-03-11 11:21:26 [Thread-5] INFO  v.s.s.service.BackgroundTaskService - 执行任务中...
2025-03-11 11:21:26 [Thread-5] INFO  v.s.spring.service.ActionService - getNextAction
2025-03-11 11:21:29 [Thread-5] INFO  v.s.s.service.BackgroundTaskService - 执行任务中...
2025-03-11 11:21:29 [Thread-5] INFO  v.s.spring.service.ActionService - getNextAction
2025-03-11 11:21:32 [Thread-5] INFO  v.s.s.service.BackgroundTaskService - 执行任务中...
2025-03-11 11:21:32 [Thread-5] INFO  v.s.spring.service.ActionService - getNextAction
2025-03-11 11:21:35 [Thread-5] INFO  v.s.s.service.BackgroundTaskService - 执行任务中...
2025-03-11 11:21:35 [Thread-5] INFO  v.s.spring.service.ActionService - getNextAction
2025-03-11 11:21:38 [Thread-5] INFO  v.s.s.service.BackgroundTaskService - 执行任务中...
2025-03-11 11:21:38 [Thread-5] INFO  v.s.spring.service.ActionService - getNextAction
2025-03-11 11:21:38 [SpringApplicationShutdownHook] INFO  o.s.b.w.e.tomcat.GracefulShutdown - Commencing graceful shutdown. Waiting for active requests to complete
2025-03-11 11:21:38 [tomcat-shutdown] INFO  o.s.b.w.e.tomcat.GracefulShutdown - Graceful shutdown complete
2025-03-11 11:21:38 [SpringApplicationShutdownHook] INFO  v.s.s.service.BackgroundTaskService - 后台任务已停止
