2025-03-10 17:12:17 [restartedMain] INFO  v.s.spring.SpringDemoApplication - Starting SpringDemoApplication using Java 17.0.14 with PID 29328 (D:\workspace\demo\SpringDemo\target\classes started by sirius in D:\workspace\demo\SpringDemo)
2025-03-10 17:12:17 [restartedMain] INFO  v.s.spring.SpringDemoApplication - No active profile set, falling back to 1 default profile: "default"
2025-03-10 17:12:17 [restartedMain] WARN  o.s.c.s.PostProcessorRegistrationDelegate$BeanPostProcessorChecker - Bean 'org.springframework.ws.config.annotation.DelegatingWsConfiguration' of type [org.springframework.ws.config.annotation.DelegatingWsConfiguration$$SpringCGLIB$$0] is not eligible for getting processed by all BeanPostProcessors (for example: not eligible for auto-proxying). The currently created BeanPostProcessor [annotationActionEndpointMapping] is declared through a non-static factory method on that class; consider declaring it as static instead.
2025-03-10 17:12:17 [restartedMain] INFO  o.s.w.s.a.s.AnnotationActionEndpointMapping - Supporting [WS-Addressing August 2004, WS-Addressing 1.0]
2025-03-10 17:12:17 [restartedMain] INFO  o.s.b.w.e.tomcat.TomcatWebServer - Tomcat initialized with port 8999 (http)
2025-03-10 17:12:17 [restartedMain] INFO  o.a.coyote.http11.Http11NioProtocol - Initializing ProtocolHandler ["http-nio-8999"]
2025-03-10 17:12:17 [restartedMain] INFO  o.a.catalina.core.StandardService - Starting service [Tomcat]
2025-03-10 17:12:17 [restartedMain] INFO  o.a.catalina.core.StandardEngine - Starting Servlet engine: [Apache Tomcat/10.1.36]
2025-03-10 17:12:17 [restartedMain] INFO  o.a.c.c.C.[Tomcat].[localhost].[/] - Initializing Spring embedded WebApplicationContext
2025-03-10 17:12:17 [restartedMain] INFO  o.s.b.w.s.c.ServletWebServerApplicationContext - Root WebApplicationContext: initialization completed in 133 ms
2025-03-10 17:12:17 [restartedMain] WARN  o.s.b.d.a.OptionalLiveReloadServer - Unable to start LiveReload server
2025-03-10 17:12:17 [restartedMain] INFO  o.a.coyote.http11.Http11NioProtocol - Starting ProtocolHandler ["http-nio-8999"]
2025-03-10 17:12:17 [restartedMain] INFO  o.s.b.w.e.tomcat.TomcatWebServer - Tomcat started on port 8999 (http) with context path '/'
2025-03-10 17:12:17 [restartedMain] INFO  v.s.spring.SpringDemoApplication - Started SpringDemoApplication in 0.202 seconds (process running for 107.221)
2025-03-10 17:12:17 [Thread-20] INFO  v.s.s.service.BackgroundTaskService - 执行任务中...
2025-03-10 17:12:17 [restartedMain] INFO  o.s.b.d.a.ConditionEvaluationDeltaLoggingListener - Condition evaluation unchanged
2025-03-10 17:12:20 [Thread-20] INFO  v.s.s.service.BackgroundTaskService - 执行任务中...
2025-03-10 17:12:23 [Thread-20] INFO  v.s.s.service.BackgroundTaskService - 执行任务中...
2025-03-10 17:12:26 [Thread-20] INFO  v.s.s.service.BackgroundTaskService - 执行任务中...
2025-03-10 17:12:29 [Thread-20] INFO  v.s.s.service.BackgroundTaskService - 执行任务中...
2025-03-10 17:12:32 [Thread-20] INFO  v.s.s.service.BackgroundTaskService - 执行任务中...
2025-03-10 17:12:35 [Thread-20] INFO  v.s.s.service.BackgroundTaskService - 执行任务中...
2025-03-10 17:12:38 [Thread-20] INFO  v.s.s.service.BackgroundTaskService - 执行任务中...
2025-03-10 17:12:41 [Thread-20] INFO  v.s.s.service.BackgroundTaskService - 执行任务中...
2025-03-10 17:12:44 [Thread-20] INFO  v.s.s.service.BackgroundTaskService - 执行任务中...
2025-03-10 17:12:47 [Thread-20] INFO  v.s.s.service.BackgroundTaskService - 执行任务中...
2025-03-10 17:12:50 [Thread-20] INFO  v.s.s.service.BackgroundTaskService - 执行任务中...
2025-03-10 17:12:53 [Thread-20] INFO  v.s.s.service.BackgroundTaskService - 执行任务中...
2025-03-10 17:12:56 [Thread-20] INFO  v.s.s.service.BackgroundTaskService - 执行任务中...
2025-03-10 17:12:59 [Thread-20] INFO  v.s.s.service.BackgroundTaskService - 执行任务中...
2025-03-10 17:13:02 [Thread-20] INFO  v.s.s.service.BackgroundTaskService - 执行任务中...
2025-03-10 17:13:05 [Thread-20] INFO  v.s.s.service.BackgroundTaskService - 执行任务中...
2025-03-10 17:13:08 [Thread-20] INFO  v.s.s.service.BackgroundTaskService - 执行任务中...
2025-03-10 17:13:11 [Thread-20] INFO  v.s.s.service.BackgroundTaskService - 执行任务中...
2025-03-10 17:13:14 [Thread-20] INFO  v.s.s.service.BackgroundTaskService - 执行任务中...
2025-03-10 17:13:17 [Thread-20] INFO  v.s.s.service.BackgroundTaskService - 执行任务中...
2025-03-10 17:13:20 [Thread-20] INFO  v.s.s.service.BackgroundTaskService - 执行任务中...
2025-03-10 17:13:23 [Thread-20] INFO  v.s.s.service.BackgroundTaskService - 执行任务中...
2025-03-10 17:13:26 [Thread-20] INFO  v.s.s.service.BackgroundTaskService - 执行任务中...
2025-03-10 17:13:29 [Thread-20] INFO  v.s.s.service.BackgroundTaskService - 执行任务中...
2025-03-10 17:13:32 [Thread-20] INFO  v.s.s.service.BackgroundTaskService - 执行任务中...
2025-03-10 17:13:35 [Thread-20] INFO  v.s.s.service.BackgroundTaskService - 执行任务中...
2025-03-10 17:13:38 [Thread-20] INFO  v.s.s.service.BackgroundTaskService - 执行任务中...
2025-03-10 17:13:41 [Thread-20] INFO  v.s.s.service.BackgroundTaskService - 执行任务中...
2025-03-10 17:13:44 [Thread-20] INFO  v.s.s.service.BackgroundTaskService - 执行任务中...
2025-03-10 17:13:47 [Thread-20] INFO  v.s.s.service.BackgroundTaskService - 执行任务中...
2025-03-10 17:13:50 [Thread-20] INFO  v.s.s.service.BackgroundTaskService - 执行任务中...
2025-03-10 17:13:53 [Thread-20] INFO  v.s.s.service.BackgroundTaskService - 执行任务中...
2025-03-10 17:13:56 [Thread-20] INFO  v.s.s.service.BackgroundTaskService - 执行任务中...
2025-03-10 17:13:59 [Thread-20] INFO  v.s.s.service.BackgroundTaskService - 执行任务中...
2025-03-10 17:14:02 [Thread-20] INFO  v.s.s.service.BackgroundTaskService - 执行任务中...
2025-03-10 17:14:05 [Thread-20] INFO  v.s.s.service.BackgroundTaskService - 执行任务中...
2025-03-10 17:14:08 [Thread-20] INFO  v.s.s.service.BackgroundTaskService - 执行任务中...
2025-03-10 17:14:11 [Thread-20] INFO  v.s.s.service.BackgroundTaskService - 执行任务中...
2025-03-10 17:14:14 [Thread-20] INFO  v.s.s.service.BackgroundTaskService - 执行任务中...
2025-03-10 17:14:17 [Thread-20] INFO  v.s.s.service.BackgroundTaskService - 执行任务中...
2025-03-10 17:14:20 [Thread-20] INFO  v.s.s.service.BackgroundTaskService - 执行任务中...
2025-03-10 17:14:23 [Thread-20] INFO  v.s.s.service.BackgroundTaskService - 执行任务中...
2025-03-10 17:14:26 [Thread-20] INFO  v.s.s.service.BackgroundTaskService - 执行任务中...
2025-03-10 17:14:29 [Thread-20] INFO  v.s.s.service.BackgroundTaskService - 执行任务中...
2025-03-10 17:14:32 [Thread-20] INFO  v.s.s.service.BackgroundTaskService - 执行任务中...
2025-03-10 17:14:35 [Thread-20] INFO  v.s.s.service.BackgroundTaskService - 执行任务中...
2025-03-10 17:14:38 [Thread-20] INFO  v.s.s.service.BackgroundTaskService - 执行任务中...
2025-03-10 17:14:41 [Thread-20] INFO  v.s.s.service.BackgroundTaskService - 执行任务中...
2025-03-10 17:14:44 [Thread-20] INFO  v.s.s.service.BackgroundTaskService - 执行任务中...
2025-03-10 17:14:47 [Thread-20] INFO  v.s.s.service.BackgroundTaskService - 执行任务中...
2025-03-10 17:14:50 [Thread-20] INFO  v.s.s.service.BackgroundTaskService - 执行任务中...
2025-03-10 17:14:53 [Thread-20] INFO  v.s.s.service.BackgroundTaskService - 执行任务中...
2025-03-10 17:14:56 [Thread-20] INFO  v.s.s.service.BackgroundTaskService - 执行任务中...
2025-03-10 17:14:59 [Thread-20] INFO  v.s.s.service.BackgroundTaskService - 执行任务中...
2025-03-10 17:15:02 [Thread-20] INFO  v.s.s.service.BackgroundTaskService - 执行任务中...
2025-03-10 17:15:05 [Thread-20] INFO  v.s.s.service.BackgroundTaskService - 执行任务中...
2025-03-10 17:15:08 [Thread-20] INFO  v.s.s.service.BackgroundTaskService - 执行任务中...
2025-03-10 17:15:11 [Thread-20] INFO  v.s.s.service.BackgroundTaskService - 执行任务中...
2025-03-10 17:15:14 [Thread-20] INFO  v.s.s.service.BackgroundTaskService - 执行任务中...
2025-03-10 17:15:18 [Thread-20] INFO  v.s.s.service.BackgroundTaskService - 执行任务中...
2025-03-10 17:15:21 [Thread-20] INFO  v.s.s.service.BackgroundTaskService - 执行任务中...
2025-03-10 17:15:24 [Thread-20] INFO  v.s.s.service.BackgroundTaskService - 执行任务中...
2025-03-10 17:15:27 [Thread-20] INFO  v.s.s.service.BackgroundTaskService - 执行任务中...
2025-03-10 17:15:30 [Thread-20] INFO  v.s.s.service.BackgroundTaskService - 执行任务中...
2025-03-10 17:15:33 [Thread-20] INFO  v.s.s.service.BackgroundTaskService - 执行任务中...
2025-03-10 17:15:36 [Thread-20] INFO  v.s.s.service.BackgroundTaskService - 执行任务中...
2025-03-10 17:15:39 [Thread-20] INFO  v.s.s.service.BackgroundTaskService - 执行任务中...
2025-03-10 17:15:42 [Thread-20] INFO  v.s.s.service.BackgroundTaskService - 执行任务中...
2025-03-10 17:15:45 [Thread-20] INFO  v.s.s.service.BackgroundTaskService - 执行任务中...
2025-03-10 17:15:48 [Thread-20] INFO  v.s.s.service.BackgroundTaskService - 执行任务中...
2025-03-10 17:15:51 [Thread-20] INFO  v.s.s.service.BackgroundTaskService - 执行任务中...
2025-03-10 17:15:54 [Thread-20] INFO  v.s.s.service.BackgroundTaskService - 执行任务中...
2025-03-10 17:15:57 [Thread-20] INFO  v.s.s.service.BackgroundTaskService - 执行任务中...
2025-03-10 17:16:00 [Thread-20] INFO  v.s.s.service.BackgroundTaskService - 执行任务中...
2025-03-10 17:16:03 [Thread-20] INFO  v.s.s.service.BackgroundTaskService - 执行任务中...
2025-03-10 17:16:06 [Thread-20] INFO  v.s.s.service.BackgroundTaskService - 执行任务中...
2025-03-10 17:16:09 [Thread-20] INFO  v.s.s.service.BackgroundTaskService - 执行任务中...
2025-03-10 17:16:12 [Thread-20] INFO  v.s.s.service.BackgroundTaskService - 执行任务中...
2025-03-10 17:16:15 [Thread-20] INFO  v.s.s.service.BackgroundTaskService - 执行任务中...
2025-03-10 17:16:18 [Thread-20] INFO  v.s.s.service.BackgroundTaskService - 执行任务中...
2025-03-10 17:16:21 [Thread-20] INFO  v.s.s.service.BackgroundTaskService - 执行任务中...
2025-03-10 17:16:24 [Thread-20] INFO  v.s.s.service.BackgroundTaskService - 执行任务中...
2025-03-10 17:16:27 [Thread-20] INFO  v.s.s.service.BackgroundTaskService - 执行任务中...
2025-03-10 17:16:30 [Thread-20] INFO  v.s.s.service.BackgroundTaskService - 执行任务中...
2025-03-10 17:16:33 [Thread-20] INFO  v.s.s.service.BackgroundTaskService - 执行任务中...
2025-03-10 17:16:36 [Thread-20] INFO  v.s.s.service.BackgroundTaskService - 执行任务中...
2025-03-10 17:16:39 [Thread-20] INFO  v.s.s.service.BackgroundTaskService - 执行任务中...
2025-03-10 17:16:42 [Thread-20] INFO  v.s.s.service.BackgroundTaskService - 执行任务中...
2025-03-10 17:16:45 [Thread-20] INFO  v.s.s.service.BackgroundTaskService - 执行任务中...
2025-03-10 17:16:48 [Thread-20] INFO  v.s.s.service.BackgroundTaskService - 执行任务中...
2025-03-10 17:16:48 [File Watcher] INFO  o.s.b.d.a.LocalDevToolsAutoConfiguration$RestartingClassPathChangeChangedEventListener - Restarting due to 2 class path changes (0 additions, 1 deletion, 1 modification)
2025-03-10 17:16:48 [Thread-16] INFO  o.s.b.w.e.tomcat.GracefulShutdown - Commencing graceful shutdown. Waiting for active requests to complete
2025-03-10 17:16:48 [tomcat-shutdown] INFO  o.a.coyote.http11.Http11NioProtocol - Pausing ProtocolHandler ["http-nio-8999"]
2025-03-10 17:16:48 [tomcat-shutdown] INFO  o.s.b.w.e.tomcat.GracefulShutdown - Graceful shutdown complete
2025-03-10 17:16:48 [Thread-16] INFO  o.a.coyote.http11.Http11NioProtocol - Stopping ProtocolHandler ["http-nio-8999"]
2025-03-10 17:16:48 [Thread-16] INFO  v.s.s.service.BackgroundTaskService - 后台任务已停止
2025-03-10 17:16:48 [restartedMain] INFO  v.s.spring.SpringDemoApplication - Starting SpringDemoApplication using Java 17.0.14 with PID 29328 (D:\workspace\demo\SpringDemo\target\classes started by sirius in D:\workspace\demo\SpringDemo)
2025-03-10 17:16:48 [restartedMain] INFO  v.s.spring.SpringDemoApplication - No active profile set, falling back to 1 default profile: "default"
2025-03-10 17:16:48 [restartedMain] WARN  o.s.c.s.PostProcessorRegistrationDelegate$BeanPostProcessorChecker - Bean 'org.springframework.ws.config.annotation.DelegatingWsConfiguration' of type [org.springframework.ws.config.annotation.DelegatingWsConfiguration$$SpringCGLIB$$0] is not eligible for getting processed by all BeanPostProcessors (for example: not eligible for auto-proxying). The currently created BeanPostProcessor [annotationActionEndpointMapping] is declared through a non-static factory method on that class; consider declaring it as static instead.
2025-03-10 17:16:48 [restartedMain] INFO  o.s.w.s.a.s.AnnotationActionEndpointMapping - Supporting [WS-Addressing August 2004, WS-Addressing 1.0]
2025-03-10 17:16:48 [restartedMain] INFO  o.s.b.w.e.tomcat.TomcatWebServer - Tomcat initialized with port 8999 (http)
2025-03-10 17:16:48 [restartedMain] INFO  o.a.coyote.http11.Http11NioProtocol - Initializing ProtocolHandler ["http-nio-8999"]
2025-03-10 17:16:48 [restartedMain] INFO  o.a.catalina.core.StandardService - Starting service [Tomcat]
2025-03-10 17:16:48 [restartedMain] INFO  o.a.catalina.core.StandardEngine - Starting Servlet engine: [Apache Tomcat/10.1.36]
2025-03-10 17:16:48 [restartedMain] INFO  o.a.c.c.C.[Tomcat].[localhost].[/] - Initializing Spring embedded WebApplicationContext
2025-03-10 17:16:48 [restartedMain] INFO  o.s.b.w.s.c.ServletWebServerApplicationContext - Root WebApplicationContext: initialization completed in 146 ms
2025-03-10 17:16:48 [restartedMain] WARN  o.s.b.d.a.OptionalLiveReloadServer - Unable to start LiveReload server
2025-03-10 17:16:48 [restartedMain] INFO  o.a.coyote.http11.Http11NioProtocol - Starting ProtocolHandler ["http-nio-8999"]
2025-03-10 17:16:48 [restartedMain] INFO  o.s.b.w.e.tomcat.TomcatWebServer - Tomcat started on port 8999 (http) with context path '/'
2025-03-10 17:16:48 [restartedMain] INFO  v.s.spring.SpringDemoApplication - Started SpringDemoApplication in 0.227 seconds (process running for 378.661)
2025-03-10 17:16:48 [restartedMain] INFO  o.s.b.d.a.ConditionEvaluationDeltaLoggingListener - Condition evaluation unchanged
2025-03-10 17:16:48 [Thread-25] INFO  v.s.s.service.BackgroundTaskService - 执行任务中...
2025-03-10 17:16:48 [Thread-25] INFO  v.s.spring.service.ActionService - getNextAction
2025-03-10 17:16:50 [File Watcher] INFO  o.s.b.d.a.LocalDevToolsAutoConfiguration$RestartingClassPathChangeChangedEventListener - Restarting due to 2 class path changes (2 additions, 0 deletions, 0 modifications)
2025-03-10 17:16:50 [Thread-21] INFO  o.s.b.w.e.tomcat.GracefulShutdown - Commencing graceful shutdown. Waiting for active requests to complete
2025-03-10 17:16:50 [tomcat-shutdown] INFO  o.a.coyote.http11.Http11NioProtocol - Pausing ProtocolHandler ["http-nio-8999"]
2025-03-10 17:16:50 [tomcat-shutdown] INFO  o.s.b.w.e.tomcat.GracefulShutdown - Graceful shutdown complete
2025-03-10 17:16:50 [Thread-21] INFO  o.a.coyote.http11.Http11NioProtocol - Stopping ProtocolHandler ["http-nio-8999"]
2025-03-10 17:16:50 [Thread-21] INFO  v.s.s.service.BackgroundTaskService - 后台任务已停止
2025-03-10 17:16:50 [restartedMain] INFO  v.s.spring.SpringDemoApplication - Starting SpringDemoApplication using Java 17.0.14 with PID 29328 (D:\workspace\demo\SpringDemo\target\classes started by sirius in D:\workspace\demo\SpringDemo)
2025-03-10 17:16:50 [restartedMain] INFO  v.s.spring.SpringDemoApplication - No active profile set, falling back to 1 default profile: "default"
2025-03-10 17:16:50 [restartedMain] WARN  o.s.c.s.PostProcessorRegistrationDelegate$BeanPostProcessorChecker - Bean 'org.springframework.ws.config.annotation.DelegatingWsConfiguration' of type [org.springframework.ws.config.annotation.DelegatingWsConfiguration$$SpringCGLIB$$0] is not eligible for getting processed by all BeanPostProcessors (for example: not eligible for auto-proxying). The currently created BeanPostProcessor [annotationActionEndpointMapping] is declared through a non-static factory method on that class; consider declaring it as static instead.
2025-03-10 17:16:50 [restartedMain] INFO  o.s.w.s.a.s.AnnotationActionEndpointMapping - Supporting [WS-Addressing August 2004, WS-Addressing 1.0]
2025-03-10 17:16:50 [restartedMain] INFO  o.s.b.w.e.tomcat.TomcatWebServer - Tomcat initialized with port 8999 (http)
2025-03-10 17:16:50 [restartedMain] INFO  o.a.coyote.http11.Http11NioProtocol - Initializing ProtocolHandler ["http-nio-8999"]
2025-03-10 17:16:50 [restartedMain] INFO  o.a.catalina.core.StandardService - Starting service [Tomcat]
2025-03-10 17:16:50 [restartedMain] INFO  o.a.catalina.core.StandardEngine - Starting Servlet engine: [Apache Tomcat/10.1.36]
2025-03-10 17:16:50 [restartedMain] INFO  o.a.c.c.C.[Tomcat].[localhost].[/] - Initializing Spring embedded WebApplicationContext
2025-03-10 17:16:50 [restartedMain] INFO  o.s.b.w.s.c.ServletWebServerApplicationContext - Root WebApplicationContext: initialization completed in 127 ms
2025-03-10 17:16:50 [restartedMain] WARN  o.s.b.d.a.OptionalLiveReloadServer - Unable to start LiveReload server
2025-03-10 17:16:50 [restartedMain] INFO  o.a.coyote.http11.Http11NioProtocol - Starting ProtocolHandler ["http-nio-8999"]
2025-03-10 17:16:50 [restartedMain] INFO  o.s.b.w.e.tomcat.TomcatWebServer - Tomcat started on port 8999 (http) with context path '/'
2025-03-10 17:16:50 [restartedMain] INFO  v.s.spring.SpringDemoApplication - Started SpringDemoApplication in 0.197 seconds (process running for 380.484)
2025-03-10 17:16:50 [Thread-30] INFO  v.s.s.service.BackgroundTaskService - 执行任务中...
2025-03-10 17:16:50 [Thread-30] INFO  v.s.spring.service.ActionService - getNextAction
2025-03-10 17:16:50 [restartedMain] INFO  o.s.b.d.a.ConditionEvaluationDeltaLoggingListener - Condition evaluation unchanged
2025-03-10 17:16:53 [SpringApplicationShutdownHook] INFO  o.s.b.w.e.tomcat.GracefulShutdown - Commencing graceful shutdown. Waiting for active requests to complete
2025-03-10 17:16:53 [tomcat-shutdown] INFO  o.s.b.w.e.tomcat.GracefulShutdown - Graceful shutdown complete
2025-03-10 17:16:53 [SpringApplicationShutdownHook] INFO  v.s.s.service.BackgroundTaskService - 后台任务已停止
2025-03-10 17:16:55 [restartedMain] INFO  v.s.spring.SpringDemoApplication - Starting SpringDemoApplication using Java 17.0.14 with PID 19148 (D:\workspace\demo\SpringDemo\target\classes started by sirius in D:\workspace\demo\SpringDemo)
2025-03-10 17:16:55 [restartedMain] INFO  v.s.spring.SpringDemoApplication - No active profile set, falling back to 1 default profile: "default"
2025-03-10 17:16:55 [restartedMain] INFO  o.s.b.d.e.DevToolsPropertyDefaultsPostProcessor - Devtools property defaults active! Set 'spring.devtools.add-properties' to 'false' to disable
2025-03-10 17:16:55 [restartedMain] INFO  o.s.b.d.e.DevToolsPropertyDefaultsPostProcessor - For additional web related logging consider setting the 'logging.level.web' property to 'DEBUG'
2025-03-10 17:16:55 [restartedMain] WARN  o.s.c.s.PostProcessorRegistrationDelegate$BeanPostProcessorChecker - Bean 'org.springframework.ws.config.annotation.DelegatingWsConfiguration' of type [org.springframework.ws.config.annotation.DelegatingWsConfiguration$$SpringCGLIB$$0] is not eligible for getting processed by all BeanPostProcessors (for example: not eligible for auto-proxying). The currently created BeanPostProcessor [annotationActionEndpointMapping] is declared through a non-static factory method on that class; consider declaring it as static instead.
2025-03-10 17:16:56 [restartedMain] INFO  o.s.w.s.a.s.AnnotationActionEndpointMapping - Supporting [WS-Addressing August 2004, WS-Addressing 1.0]
2025-03-10 17:16:56 [restartedMain] INFO  o.s.b.w.e.tomcat.TomcatWebServer - Tomcat initialized with port 8999 (http)
2025-03-10 17:16:56 [restartedMain] INFO  o.a.coyote.http11.Http11NioProtocol - Initializing ProtocolHandler ["http-nio-8999"]
2025-03-10 17:16:56 [restartedMain] INFO  o.a.catalina.core.StandardService - Starting service [Tomcat]
2025-03-10 17:16:56 [restartedMain] INFO  o.a.catalina.core.StandardEngine - Starting Servlet engine: [Apache Tomcat/10.1.36]
2025-03-10 17:16:56 [restartedMain] INFO  o.a.c.c.C.[Tomcat].[localhost].[/] - Initializing Spring embedded WebApplicationContext
2025-03-10 17:16:56 [restartedMain] INFO  o.s.b.w.s.c.ServletWebServerApplicationContext - Root WebApplicationContext: initialization completed in 735 ms
2025-03-10 17:16:56 [restartedMain] WARN  o.s.b.d.a.OptionalLiveReloadServer - Unable to start LiveReload server
2025-03-10 17:16:56 [restartedMain] INFO  o.a.coyote.http11.Http11NioProtocol - Starting ProtocolHandler ["http-nio-8999"]
2025-03-10 17:16:56 [restartedMain] INFO  o.s.b.w.e.tomcat.TomcatWebServer - Tomcat started on port 8999 (http) with context path '/'
2025-03-10 17:16:56 [restartedMain] INFO  v.s.spring.SpringDemoApplication - Started SpringDemoApplication in 1.446 seconds (process running for 2.027)
2025-03-10 17:16:56 [Thread-5] INFO  v.s.s.service.BackgroundTaskService - 执行任务中...
2025-03-10 17:16:56 [Thread-5] INFO  v.s.spring.service.ActionService - getNextAction
2025-03-10 17:16:59 [Thread-5] INFO  v.s.s.service.BackgroundTaskService - 执行任务中...
2025-03-10 17:16:59 [Thread-5] INFO  v.s.spring.service.ActionService - getNextAction
2025-03-10 17:17:02 [Thread-5] INFO  v.s.s.service.BackgroundTaskService - 执行任务中...
2025-03-10 17:17:02 [Thread-5] INFO  v.s.spring.service.ActionService - getNextAction
2025-03-10 17:17:05 [Thread-5] INFO  v.s.s.service.BackgroundTaskService - 执行任务中...
2025-03-10 17:17:05 [Thread-5] INFO  v.s.spring.service.ActionService - getNextAction
2025-03-10 17:17:08 [Thread-5] INFO  v.s.s.service.BackgroundTaskService - 执行任务中...
2025-03-10 17:17:08 [Thread-5] INFO  v.s.spring.service.ActionService - getNextAction
2025-03-10 17:17:11 [Thread-5] INFO  v.s.s.service.BackgroundTaskService - 执行任务中...
2025-03-10 17:17:11 [Thread-5] INFO  v.s.spring.service.ActionService - getNextAction
2025-03-10 17:17:14 [Thread-5] INFO  v.s.s.service.BackgroundTaskService - 执行任务中...
2025-03-10 17:17:14 [Thread-5] INFO  v.s.spring.service.ActionService - getNextAction
2025-03-10 17:17:17 [Thread-5] INFO  v.s.s.service.BackgroundTaskService - 执行任务中...
2025-03-10 17:17:17 [Thread-5] INFO  v.s.spring.service.ActionService - getNextAction
2025-03-10 17:17:20 [Thread-5] INFO  v.s.s.service.BackgroundTaskService - 执行任务中...
2025-03-10 17:17:20 [Thread-5] INFO  v.s.spring.service.ActionService - getNextAction
2025-03-10 17:17:23 [Thread-5] INFO  v.s.s.service.BackgroundTaskService - 执行任务中...
2025-03-10 17:17:23 [Thread-5] INFO  v.s.spring.service.ActionService - getNextAction
2025-03-10 17:17:26 [Thread-5] INFO  v.s.s.service.BackgroundTaskService - 执行任务中...
2025-03-10 17:17:26 [Thread-5] INFO  v.s.spring.service.ActionService - getNextAction
2025-03-10 17:17:29 [Thread-5] INFO  v.s.s.service.BackgroundTaskService - 执行任务中...
2025-03-10 17:17:29 [Thread-5] INFO  v.s.spring.service.ActionService - getNextAction
2025-03-10 17:17:32 [Thread-5] INFO  v.s.s.service.BackgroundTaskService - 执行任务中...
2025-03-10 17:17:32 [Thread-5] INFO  v.s.spring.service.ActionService - getNextAction
2025-03-10 17:17:35 [Thread-5] INFO  v.s.s.service.BackgroundTaskService - 执行任务中...
2025-03-10 17:17:35 [Thread-5] INFO  v.s.spring.service.ActionService - getNextAction
2025-03-10 17:17:38 [Thread-5] INFO  v.s.s.service.BackgroundTaskService - 执行任务中...
2025-03-10 17:17:38 [Thread-5] INFO  v.s.spring.service.ActionService - getNextAction
2025-03-10 17:17:41 [Thread-5] INFO  v.s.s.service.BackgroundTaskService - 执行任务中...
2025-03-10 17:17:41 [Thread-5] INFO  v.s.spring.service.ActionService - getNextAction
2025-03-10 17:17:44 [Thread-5] INFO  v.s.s.service.BackgroundTaskService - 执行任务中...
2025-03-10 17:17:44 [Thread-5] INFO  v.s.spring.service.ActionService - getNextAction
2025-03-10 17:17:47 [Thread-5] INFO  v.s.s.service.BackgroundTaskService - 执行任务中...
2025-03-10 17:17:47 [Thread-5] INFO  v.s.spring.service.ActionService - getNextAction
2025-03-10 17:17:50 [Thread-5] INFO  v.s.s.service.BackgroundTaskService - 执行任务中...
2025-03-10 17:17:50 [Thread-5] INFO  v.s.spring.service.ActionService - getNextAction
2025-03-10 17:17:53 [Thread-5] INFO  v.s.s.service.BackgroundTaskService - 执行任务中...
2025-03-10 17:17:53 [Thread-5] INFO  v.s.spring.service.ActionService - getNextAction
2025-03-10 17:17:56 [Thread-5] INFO  v.s.s.service.BackgroundTaskService - 执行任务中...
2025-03-10 17:17:56 [Thread-5] INFO  v.s.spring.service.ActionService - getNextAction
2025-03-10 17:17:59 [Thread-5] INFO  v.s.s.service.BackgroundTaskService - 执行任务中...
2025-03-10 17:17:59 [Thread-5] INFO  v.s.spring.service.ActionService - getNextAction
2025-03-10 17:18:02 [Thread-5] INFO  v.s.s.service.BackgroundTaskService - 执行任务中...
2025-03-10 17:18:02 [Thread-5] INFO  v.s.spring.service.ActionService - getNextAction
2025-03-10 17:18:05 [Thread-5] INFO  v.s.s.service.BackgroundTaskService - 执行任务中...
2025-03-10 17:18:05 [Thread-5] INFO  v.s.spring.service.ActionService - getNextAction
2025-03-10 17:18:08 [Thread-5] INFO  v.s.s.service.BackgroundTaskService - 执行任务中...
2025-03-10 17:18:08 [Thread-5] INFO  v.s.spring.service.ActionService - getNextAction
2025-03-10 17:18:11 [Thread-5] INFO  v.s.s.service.BackgroundTaskService - 执行任务中...
2025-03-10 17:18:11 [Thread-5] INFO  v.s.spring.service.ActionService - getNextAction
2025-03-10 17:18:14 [Thread-5] INFO  v.s.s.service.BackgroundTaskService - 执行任务中...
2025-03-10 17:18:14 [Thread-5] INFO  v.s.spring.service.ActionService - getNextAction
2025-03-10 17:18:17 [Thread-5] INFO  v.s.s.service.BackgroundTaskService - 执行任务中...
2025-03-10 17:18:17 [Thread-5] INFO  v.s.spring.service.ActionService - getNextAction
2025-03-10 17:18:20 [Thread-5] INFO  v.s.s.service.BackgroundTaskService - 执行任务中...
2025-03-10 17:18:20 [Thread-5] INFO  v.s.spring.service.ActionService - getNextAction
2025-03-10 17:18:23 [Thread-5] INFO  v.s.s.service.BackgroundTaskService - 执行任务中...
2025-03-10 17:18:23 [Thread-5] INFO  v.s.spring.service.ActionService - getNextAction
2025-03-10 17:18:26 [Thread-5] INFO  v.s.s.service.BackgroundTaskService - 执行任务中...
2025-03-10 17:18:26 [Thread-5] INFO  v.s.spring.service.ActionService - getNextAction
2025-03-10 17:18:29 [Thread-5] INFO  v.s.s.service.BackgroundTaskService - 执行任务中...
2025-03-10 17:18:29 [Thread-5] INFO  v.s.spring.service.ActionService - getNextAction
2025-03-10 17:18:32 [Thread-5] INFO  v.s.s.service.BackgroundTaskService - 执行任务中...
2025-03-10 17:18:32 [Thread-5] INFO  v.s.spring.service.ActionService - getNextAction
2025-03-10 17:18:35 [Thread-5] INFO  v.s.s.service.BackgroundTaskService - 执行任务中...
2025-03-10 17:18:35 [Thread-5] INFO  v.s.spring.service.ActionService - getNextAction
2025-03-10 17:18:38 [Thread-5] INFO  v.s.s.service.BackgroundTaskService - 执行任务中...
2025-03-10 17:18:38 [Thread-5] INFO  v.s.spring.service.ActionService - getNextAction
2025-03-10 17:18:41 [Thread-5] INFO  v.s.s.service.BackgroundTaskService - 执行任务中...
2025-03-10 17:18:41 [Thread-5] INFO  v.s.spring.service.ActionService - getNextAction
2025-03-10 17:18:44 [Thread-5] INFO  v.s.s.service.BackgroundTaskService - 执行任务中...
2025-03-10 17:18:44 [Thread-5] INFO  v.s.spring.service.ActionService - getNextAction
2025-03-10 17:18:47 [Thread-5] INFO  v.s.s.service.BackgroundTaskService - 执行任务中...
2025-03-10 17:18:47 [Thread-5] INFO  v.s.spring.service.ActionService - getNextAction
2025-03-10 17:18:50 [Thread-5] INFO  v.s.s.service.BackgroundTaskService - 执行任务中...
2025-03-10 17:18:50 [Thread-5] INFO  v.s.spring.service.ActionService - getNextAction
2025-03-10 17:18:53 [Thread-5] INFO  v.s.s.service.BackgroundTaskService - 执行任务中...
2025-03-10 17:18:53 [Thread-5] INFO  v.s.spring.service.ActionService - getNextAction
2025-03-10 17:18:56 [Thread-5] INFO  v.s.s.service.BackgroundTaskService - 执行任务中...
2025-03-10 17:18:56 [Thread-5] INFO  v.s.spring.service.ActionService - getNextAction
2025-03-10 17:18:59 [Thread-5] INFO  v.s.s.service.BackgroundTaskService - 执行任务中...
2025-03-10 17:18:59 [Thread-5] INFO  v.s.spring.service.ActionService - getNextAction
2025-03-10 17:19:02 [Thread-5] INFO  v.s.s.service.BackgroundTaskService - 执行任务中...
2025-03-10 17:19:02 [Thread-5] INFO  v.s.spring.service.ActionService - getNextAction
2025-03-10 17:19:05 [Thread-5] INFO  v.s.s.service.BackgroundTaskService - 执行任务中...
2025-03-10 17:19:05 [Thread-5] INFO  v.s.spring.service.ActionService - getNextAction
2025-03-10 17:19:08 [Thread-5] INFO  v.s.s.service.BackgroundTaskService - 执行任务中...
2025-03-10 17:19:08 [Thread-5] INFO  v.s.spring.service.ActionService - getNextAction
2025-03-10 17:19:11 [Thread-5] INFO  v.s.s.service.BackgroundTaskService - 执行任务中...
2025-03-10 17:19:11 [Thread-5] INFO  v.s.spring.service.ActionService - getNextAction
2025-03-10 17:19:14 [Thread-5] INFO  v.s.s.service.BackgroundTaskService - 执行任务中...
2025-03-10 17:19:14 [Thread-5] INFO  v.s.spring.service.ActionService - getNextAction
2025-03-10 17:19:17 [Thread-5] INFO  v.s.s.service.BackgroundTaskService - 执行任务中...
2025-03-10 17:19:17 [Thread-5] INFO  v.s.spring.service.ActionService - getNextAction
2025-03-10 17:19:20 [Thread-5] INFO  v.s.s.service.BackgroundTaskService - 执行任务中...
2025-03-10 17:19:20 [Thread-5] INFO  v.s.spring.service.ActionService - getNextAction
2025-03-10 17:19:23 [Thread-5] INFO  v.s.s.service.BackgroundTaskService - 执行任务中...
2025-03-10 17:19:23 [Thread-5] INFO  v.s.spring.service.ActionService - getNextAction
2025-03-10 17:19:26 [Thread-5] INFO  v.s.s.service.BackgroundTaskService - 执行任务中...
2025-03-10 17:19:26 [Thread-5] INFO  v.s.spring.service.ActionService - getNextAction
2025-03-10 17:19:29 [Thread-5] INFO  v.s.s.service.BackgroundTaskService - 执行任务中...
2025-03-10 17:19:29 [Thread-5] INFO  v.s.spring.service.ActionService - getNextAction
2025-03-10 17:19:32 [Thread-5] INFO  v.s.s.service.BackgroundTaskService - 执行任务中...
2025-03-10 17:19:32 [Thread-5] INFO  v.s.spring.service.ActionService - getNextAction
2025-03-10 17:19:35 [Thread-5] INFO  v.s.s.service.BackgroundTaskService - 执行任务中...
2025-03-10 17:19:35 [Thread-5] INFO  v.s.spring.service.ActionService - getNextAction
2025-03-10 17:19:38 [Thread-5] INFO  v.s.s.service.BackgroundTaskService - 执行任务中...
2025-03-10 17:19:38 [Thread-5] INFO  v.s.spring.service.ActionService - getNextAction
2025-03-10 17:19:41 [Thread-5] INFO  v.s.s.service.BackgroundTaskService - 执行任务中...
2025-03-10 17:19:41 [Thread-5] INFO  v.s.spring.service.ActionService - getNextAction
2025-03-10 17:19:44 [Thread-5] INFO  v.s.s.service.BackgroundTaskService - 执行任务中...
2025-03-10 17:19:44 [Thread-5] INFO  v.s.spring.service.ActionService - getNextAction
2025-03-10 17:19:47 [Thread-5] INFO  v.s.s.service.BackgroundTaskService - 执行任务中...
2025-03-10 17:19:47 [Thread-5] INFO  v.s.spring.service.ActionService - getNextAction
2025-03-10 17:19:50 [Thread-5] INFO  v.s.s.service.BackgroundTaskService - 执行任务中...
2025-03-10 17:19:50 [Thread-5] INFO  v.s.spring.service.ActionService - getNextAction
2025-03-10 17:19:54 [Thread-5] INFO  v.s.s.service.BackgroundTaskService - 执行任务中...
2025-03-10 17:19:54 [Thread-5] INFO  v.s.spring.service.ActionService - getNextAction
2025-03-10 17:19:57 [Thread-5] INFO  v.s.s.service.BackgroundTaskService - 执行任务中...
2025-03-10 17:19:57 [Thread-5] INFO  v.s.spring.service.ActionService - getNextAction
2025-03-10 17:20:00 [Thread-5] INFO  v.s.s.service.BackgroundTaskService - 执行任务中...
2025-03-10 17:20:00 [Thread-5] INFO  v.s.spring.service.ActionService - getNextAction
2025-03-10 17:20:03 [Thread-5] INFO  v.s.s.service.BackgroundTaskService - 执行任务中...
2025-03-10 17:20:03 [Thread-5] INFO  v.s.spring.service.ActionService - getNextAction
2025-03-10 17:20:06 [Thread-5] INFO  v.s.s.service.BackgroundTaskService - 执行任务中...
2025-03-10 17:20:06 [Thread-5] INFO  v.s.spring.service.ActionService - getNextAction
2025-03-10 17:20:09 [Thread-5] INFO  v.s.s.service.BackgroundTaskService - 执行任务中...
2025-03-10 17:20:09 [Thread-5] INFO  v.s.spring.service.ActionService - getNextAction
2025-03-10 17:20:12 [Thread-5] INFO  v.s.s.service.BackgroundTaskService - 执行任务中...
2025-03-10 17:20:12 [Thread-5] INFO  v.s.spring.service.ActionService - getNextAction
2025-03-10 17:20:15 [Thread-5] INFO  v.s.s.service.BackgroundTaskService - 执行任务中...
2025-03-10 17:20:15 [Thread-5] INFO  v.s.spring.service.ActionService - getNextAction
2025-03-10 17:20:18 [Thread-5] INFO  v.s.s.service.BackgroundTaskService - 执行任务中...
2025-03-10 17:20:18 [Thread-5] INFO  v.s.spring.service.ActionService - getNextAction
2025-03-10 17:20:21 [Thread-5] INFO  v.s.s.service.BackgroundTaskService - 执行任务中...
2025-03-10 17:20:21 [Thread-5] INFO  v.s.spring.service.ActionService - getNextAction
2025-03-10 17:20:24 [Thread-5] INFO  v.s.s.service.BackgroundTaskService - 执行任务中...
2025-03-10 17:20:24 [Thread-5] INFO  v.s.spring.service.ActionService - getNextAction
2025-03-10 17:20:27 [Thread-5] INFO  v.s.s.service.BackgroundTaskService - 执行任务中...
2025-03-10 17:20:27 [Thread-5] INFO  v.s.spring.service.ActionService - getNextAction
2025-03-10 17:20:30 [Thread-5] INFO  v.s.s.service.BackgroundTaskService - 执行任务中...
2025-03-10 17:20:30 [Thread-5] INFO  v.s.spring.service.ActionService - getNextAction
2025-03-10 17:20:33 [Thread-5] INFO  v.s.s.service.BackgroundTaskService - 执行任务中...
2025-03-10 17:20:33 [Thread-5] INFO  v.s.spring.service.ActionService - getNextAction
2025-03-10 17:20:36 [Thread-5] INFO  v.s.s.service.BackgroundTaskService - 执行任务中...
2025-03-10 17:20:36 [Thread-5] INFO  v.s.spring.service.ActionService - getNextAction
2025-03-10 17:20:39 [Thread-5] INFO  v.s.s.service.BackgroundTaskService - 执行任务中...
2025-03-10 17:20:39 [Thread-5] INFO  v.s.spring.service.ActionService - getNextAction
2025-03-10 17:20:42 [Thread-5] INFO  v.s.s.service.BackgroundTaskService - 执行任务中...
2025-03-10 17:20:42 [Thread-5] INFO  v.s.spring.service.ActionService - getNextAction
2025-03-10 17:20:45 [Thread-5] INFO  v.s.s.service.BackgroundTaskService - 执行任务中...
2025-03-10 17:20:45 [Thread-5] INFO  v.s.spring.service.ActionService - getNextAction
2025-03-10 17:20:48 [Thread-5] INFO  v.s.s.service.BackgroundTaskService - 执行任务中...
2025-03-10 17:20:48 [Thread-5] INFO  v.s.spring.service.ActionService - getNextAction
2025-03-10 17:20:51 [Thread-5] INFO  v.s.s.service.BackgroundTaskService - 执行任务中...
2025-03-10 17:20:51 [Thread-5] INFO  v.s.spring.service.ActionService - getNextAction
2025-03-10 17:20:54 [Thread-5] INFO  v.s.s.service.BackgroundTaskService - 执行任务中...
2025-03-10 17:20:54 [Thread-5] INFO  v.s.spring.service.ActionService - getNextAction
2025-03-10 17:20:57 [Thread-5] INFO  v.s.s.service.BackgroundTaskService - 执行任务中...
2025-03-10 17:20:57 [Thread-5] INFO  v.s.spring.service.ActionService - getNextAction
2025-03-10 17:21:00 [Thread-5] INFO  v.s.s.service.BackgroundTaskService - 执行任务中...
2025-03-10 17:21:00 [Thread-5] INFO  v.s.spring.service.ActionService - getNextAction
2025-03-10 17:21:03 [Thread-5] INFO  v.s.s.service.BackgroundTaskService - 执行任务中...
2025-03-10 17:21:03 [Thread-5] INFO  v.s.spring.service.ActionService - getNextAction
2025-03-10 17:21:06 [Thread-5] INFO  v.s.s.service.BackgroundTaskService - 执行任务中...
2025-03-10 17:21:06 [Thread-5] INFO  v.s.spring.service.ActionService - getNextAction
2025-03-10 17:21:09 [Thread-5] INFO  v.s.s.service.BackgroundTaskService - 执行任务中...
2025-03-10 17:21:09 [Thread-5] INFO  v.s.spring.service.ActionService - getNextAction
2025-03-10 17:21:12 [Thread-5] INFO  v.s.s.service.BackgroundTaskService - 执行任务中...
2025-03-10 17:21:12 [Thread-5] INFO  v.s.spring.service.ActionService - getNextAction
2025-03-10 17:21:15 [Thread-5] INFO  v.s.s.service.BackgroundTaskService - 执行任务中...
2025-03-10 17:21:15 [Thread-5] INFO  v.s.spring.service.ActionService - getNextAction
2025-03-10 17:21:18 [Thread-5] INFO  v.s.s.service.BackgroundTaskService - 执行任务中...
2025-03-10 17:21:18 [Thread-5] INFO  v.s.spring.service.ActionService - getNextAction
2025-03-10 17:21:21 [Thread-5] INFO  v.s.s.service.BackgroundTaskService - 执行任务中...
2025-03-10 17:21:21 [Thread-5] INFO  v.s.spring.service.ActionService - getNextAction
2025-03-10 17:21:24 [Thread-5] INFO  v.s.s.service.BackgroundTaskService - 执行任务中...
2025-03-10 17:21:24 [Thread-5] INFO  v.s.spring.service.ActionService - getNextAction
2025-03-10 17:21:27 [Thread-5] INFO  v.s.s.service.BackgroundTaskService - 执行任务中...
2025-03-10 17:21:27 [Thread-5] INFO  v.s.spring.service.ActionService - getNextAction
2025-03-10 17:21:30 [Thread-5] INFO  v.s.s.service.BackgroundTaskService - 执行任务中...
2025-03-10 17:21:30 [Thread-5] INFO  v.s.spring.service.ActionService - getNextAction
2025-03-10 17:21:33 [Thread-5] INFO  v.s.s.service.BackgroundTaskService - 执行任务中...
2025-03-10 17:21:33 [Thread-5] INFO  v.s.spring.service.ActionService - getNextAction
2025-03-10 17:21:36 [Thread-5] INFO  v.s.s.service.BackgroundTaskService - 执行任务中...
2025-03-10 17:21:36 [Thread-5] INFO  v.s.spring.service.ActionService - getNextAction
2025-03-10 17:21:39 [Thread-5] INFO  v.s.s.service.BackgroundTaskService - 执行任务中...
2025-03-10 17:21:39 [Thread-5] INFO  v.s.spring.service.ActionService - getNextAction
2025-03-10 17:21:42 [Thread-5] INFO  v.s.s.service.BackgroundTaskService - 执行任务中...
2025-03-10 17:21:42 [Thread-5] INFO  v.s.spring.service.ActionService - getNextAction
2025-03-10 17:21:45 [Thread-5] INFO  v.s.s.service.BackgroundTaskService - 执行任务中...
2025-03-10 17:21:45 [Thread-5] INFO  v.s.spring.service.ActionService - getNextAction
2025-03-10 17:21:48 [Thread-5] INFO  v.s.s.service.BackgroundTaskService - 执行任务中...
2025-03-10 17:21:48 [Thread-5] INFO  v.s.spring.service.ActionService - getNextAction
2025-03-10 17:21:51 [Thread-5] INFO  v.s.s.service.BackgroundTaskService - 执行任务中...
2025-03-10 17:21:51 [Thread-5] INFO  v.s.spring.service.ActionService - getNextAction
2025-03-10 17:21:54 [Thread-5] INFO  v.s.s.service.BackgroundTaskService - 执行任务中...
2025-03-10 17:21:54 [Thread-5] INFO  v.s.spring.service.ActionService - getNextAction
2025-03-10 17:21:57 [Thread-5] INFO  v.s.s.service.BackgroundTaskService - 执行任务中...
2025-03-10 17:21:57 [Thread-5] INFO  v.s.spring.service.ActionService - getNextAction
2025-03-10 17:22:00 [Thread-5] INFO  v.s.s.service.BackgroundTaskService - 执行任务中...
2025-03-10 17:22:00 [Thread-5] INFO  v.s.spring.service.ActionService - getNextAction
2025-03-10 17:22:03 [Thread-5] INFO  v.s.s.service.BackgroundTaskService - 执行任务中...
2025-03-10 17:22:03 [Thread-5] INFO  v.s.spring.service.ActionService - getNextAction
2025-03-10 17:22:06 [Thread-5] INFO  v.s.s.service.BackgroundTaskService - 执行任务中...
2025-03-10 17:22:06 [Thread-5] INFO  v.s.spring.service.ActionService - getNextAction
2025-03-10 17:22:09 [Thread-5] INFO  v.s.s.service.BackgroundTaskService - 执行任务中...
2025-03-10 17:22:09 [Thread-5] INFO  v.s.spring.service.ActionService - getNextAction
2025-03-10 17:22:12 [Thread-5] INFO  v.s.s.service.BackgroundTaskService - 执行任务中...
2025-03-10 17:22:12 [Thread-5] INFO  v.s.spring.service.ActionService - getNextAction
2025-03-10 17:22:15 [Thread-5] INFO  v.s.s.service.BackgroundTaskService - 执行任务中...
2025-03-10 17:22:15 [Thread-5] INFO  v.s.spring.service.ActionService - getNextAction
2025-03-10 17:22:18 [Thread-5] INFO  v.s.s.service.BackgroundTaskService - 执行任务中...
2025-03-10 17:22:18 [Thread-5] INFO  v.s.spring.service.ActionService - getNextAction
2025-03-10 17:22:21 [Thread-5] INFO  v.s.s.service.BackgroundTaskService - 执行任务中...
2025-03-10 17:22:21 [Thread-5] INFO  v.s.spring.service.ActionService - getNextAction
2025-03-10 17:22:24 [Thread-5] INFO  v.s.s.service.BackgroundTaskService - 执行任务中...
2025-03-10 17:22:24 [Thread-5] INFO  v.s.spring.service.ActionService - getNextAction
2025-03-10 17:22:27 [Thread-5] INFO  v.s.s.service.BackgroundTaskService - 执行任务中...
2025-03-10 17:22:27 [Thread-5] INFO  v.s.spring.service.ActionService - getNextAction
2025-03-10 17:22:30 [Thread-5] INFO  v.s.s.service.BackgroundTaskService - 执行任务中...
2025-03-10 17:22:30 [Thread-5] INFO  v.s.spring.service.ActionService - getNextAction
2025-03-10 17:22:33 [Thread-5] INFO  v.s.s.service.BackgroundTaskService - 执行任务中...
2025-03-10 17:22:33 [Thread-5] INFO  v.s.spring.service.ActionService - getNextAction
2025-03-10 17:22:36 [Thread-5] INFO  v.s.s.service.BackgroundTaskService - 执行任务中...
2025-03-10 17:22:36 [Thread-5] INFO  v.s.spring.service.ActionService - getNextAction
2025-03-10 17:22:39 [Thread-5] INFO  v.s.s.service.BackgroundTaskService - 执行任务中...
2025-03-10 17:22:39 [Thread-5] INFO  v.s.spring.service.ActionService - getNextAction
2025-03-10 17:22:42 [Thread-5] INFO  v.s.s.service.BackgroundTaskService - 执行任务中...
2025-03-10 17:22:42 [Thread-5] INFO  v.s.spring.service.ActionService - getNextAction
2025-03-10 17:22:45 [Thread-5] INFO  v.s.s.service.BackgroundTaskService - 执行任务中...
2025-03-10 17:22:45 [Thread-5] INFO  v.s.spring.service.ActionService - getNextAction
2025-03-10 17:22:48 [Thread-5] INFO  v.s.s.service.BackgroundTaskService - 执行任务中...
2025-03-10 17:22:48 [Thread-5] INFO  v.s.spring.service.ActionService - getNextAction
2025-03-10 17:22:51 [Thread-5] INFO  v.s.s.service.BackgroundTaskService - 执行任务中...
2025-03-10 17:22:51 [Thread-5] INFO  v.s.spring.service.ActionService - getNextAction
2025-03-10 17:22:54 [Thread-5] INFO  v.s.s.service.BackgroundTaskService - 执行任务中...
2025-03-10 17:22:54 [Thread-5] INFO  v.s.spring.service.ActionService - getNextAction
2025-03-10 17:22:57 [Thread-5] INFO  v.s.s.service.BackgroundTaskService - 执行任务中...
2025-03-10 17:22:57 [Thread-5] INFO  v.s.spring.service.ActionService - getNextAction
2025-03-10 17:23:00 [Thread-5] INFO  v.s.s.service.BackgroundTaskService - 执行任务中...
2025-03-10 17:23:00 [Thread-5] INFO  v.s.spring.service.ActionService - getNextAction
2025-03-10 17:23:03 [Thread-5] INFO  v.s.s.service.BackgroundTaskService - 执行任务中...
2025-03-10 17:23:03 [Thread-5] INFO  v.s.spring.service.ActionService - getNextAction
2025-03-10 17:23:06 [Thread-5] INFO  v.s.s.service.BackgroundTaskService - 执行任务中...
2025-03-10 17:23:06 [Thread-5] INFO  v.s.spring.service.ActionService - getNextAction
2025-03-10 17:23:09 [Thread-5] INFO  v.s.s.service.BackgroundTaskService - 执行任务中...
2025-03-10 17:23:09 [Thread-5] INFO  v.s.spring.service.ActionService - getNextAction
2025-03-10 17:23:12 [Thread-5] INFO  v.s.s.service.BackgroundTaskService - 执行任务中...
2025-03-10 17:23:12 [Thread-5] INFO  v.s.spring.service.ActionService - getNextAction
2025-03-10 17:23:15 [Thread-5] INFO  v.s.s.service.BackgroundTaskService - 执行任务中...
2025-03-10 17:23:15 [Thread-5] INFO  v.s.spring.service.ActionService - getNextAction
2025-03-10 17:23:18 [Thread-5] INFO  v.s.s.service.BackgroundTaskService - 执行任务中...
2025-03-10 17:23:18 [Thread-5] INFO  v.s.spring.service.ActionService - getNextAction
2025-03-10 17:23:21 [Thread-5] INFO  v.s.s.service.BackgroundTaskService - 执行任务中...
2025-03-10 17:23:21 [Thread-5] INFO  v.s.spring.service.ActionService - getNextAction
2025-03-10 17:23:24 [Thread-5] INFO  v.s.s.service.BackgroundTaskService - 执行任务中...
2025-03-10 17:23:24 [Thread-5] INFO  v.s.spring.service.ActionService - getNextAction
2025-03-10 17:23:27 [Thread-5] INFO  v.s.s.service.BackgroundTaskService - 执行任务中...
2025-03-10 17:23:27 [Thread-5] INFO  v.s.spring.service.ActionService - getNextAction
2025-03-10 17:23:30 [Thread-5] INFO  v.s.s.service.BackgroundTaskService - 执行任务中...
2025-03-10 17:23:30 [Thread-5] INFO  v.s.spring.service.ActionService - getNextAction
2025-03-10 17:23:33 [Thread-5] INFO  v.s.s.service.BackgroundTaskService - 执行任务中...
2025-03-10 17:23:33 [Thread-5] INFO  v.s.spring.service.ActionService - getNextAction
2025-03-10 17:23:36 [Thread-5] INFO  v.s.s.service.BackgroundTaskService - 执行任务中...
2025-03-10 17:23:36 [Thread-5] INFO  v.s.spring.service.ActionService - getNextAction
2025-03-10 17:23:39 [Thread-5] INFO  v.s.s.service.BackgroundTaskService - 执行任务中...
2025-03-10 17:23:39 [Thread-5] INFO  v.s.spring.service.ActionService - getNextAction
2025-03-10 17:23:42 [Thread-5] INFO  v.s.s.service.BackgroundTaskService - 执行任务中...
2025-03-10 17:23:42 [Thread-5] INFO  v.s.spring.service.ActionService - getNextAction
2025-03-10 17:23:45 [Thread-5] INFO  v.s.s.service.BackgroundTaskService - 执行任务中...
2025-03-10 17:23:45 [Thread-5] INFO  v.s.spring.service.ActionService - getNextAction
2025-03-10 17:23:48 [Thread-5] INFO  v.s.s.service.BackgroundTaskService - 执行任务中...
2025-03-10 17:23:48 [Thread-5] INFO  v.s.spring.service.ActionService - getNextAction
2025-03-10 17:23:51 [Thread-5] INFO  v.s.s.service.BackgroundTaskService - 执行任务中...
2025-03-10 17:23:51 [Thread-5] INFO  v.s.spring.service.ActionService - getNextAction
2025-03-10 17:23:54 [Thread-5] INFO  v.s.s.service.BackgroundTaskService - 执行任务中...
2025-03-10 17:23:54 [Thread-5] INFO  v.s.spring.service.ActionService - getNextAction
2025-03-10 17:23:57 [Thread-5] INFO  v.s.s.service.BackgroundTaskService - 执行任务中...
2025-03-10 17:23:57 [Thread-5] INFO  v.s.spring.service.ActionService - getNextAction
2025-03-10 17:24:00 [Thread-5] INFO  v.s.s.service.BackgroundTaskService - 执行任务中...
2025-03-10 17:24:00 [Thread-5] INFO  v.s.spring.service.ActionService - getNextAction
2025-03-10 17:24:03 [Thread-5] INFO  v.s.s.service.BackgroundTaskService - 执行任务中...
2025-03-10 17:24:03 [Thread-5] INFO  v.s.spring.service.ActionService - getNextAction
2025-03-10 17:24:06 [Thread-5] INFO  v.s.s.service.BackgroundTaskService - 执行任务中...
2025-03-10 17:24:06 [Thread-5] INFO  v.s.spring.service.ActionService - getNextAction
2025-03-10 17:24:09 [Thread-5] INFO  v.s.s.service.BackgroundTaskService - 执行任务中...
2025-03-10 17:24:09 [Thread-5] INFO  v.s.spring.service.ActionService - getNextAction
2025-03-10 17:24:12 [Thread-5] INFO  v.s.s.service.BackgroundTaskService - 执行任务中...
2025-03-10 17:24:12 [Thread-5] INFO  v.s.spring.service.ActionService - getNextAction
2025-03-10 17:24:15 [Thread-5] INFO  v.s.s.service.BackgroundTaskService - 执行任务中...
2025-03-10 17:24:15 [Thread-5] INFO  v.s.spring.service.ActionService - getNextAction
2025-03-10 17:24:18 [Thread-5] INFO  v.s.s.service.BackgroundTaskService - 执行任务中...
2025-03-10 17:24:18 [Thread-5] INFO  v.s.spring.service.ActionService - getNextAction
2025-03-10 17:24:21 [Thread-5] INFO  v.s.s.service.BackgroundTaskService - 执行任务中...
2025-03-10 17:24:21 [Thread-5] INFO  v.s.spring.service.ActionService - getNextAction
2025-03-10 17:24:24 [Thread-5] INFO  v.s.s.service.BackgroundTaskService - 执行任务中...
2025-03-10 17:24:24 [Thread-5] INFO  v.s.spring.service.ActionService - getNextAction
2025-03-10 17:24:27 [Thread-5] INFO  v.s.s.service.BackgroundTaskService - 执行任务中...
2025-03-10 17:24:27 [Thread-5] INFO  v.s.spring.service.ActionService - getNextAction
2025-03-10 17:24:30 [Thread-5] INFO  v.s.s.service.BackgroundTaskService - 执行任务中...
2025-03-10 17:24:30 [Thread-5] INFO  v.s.spring.service.ActionService - getNextAction
2025-03-10 17:24:33 [Thread-5] INFO  v.s.s.service.BackgroundTaskService - 执行任务中...
2025-03-10 17:24:33 [Thread-5] INFO  v.s.spring.service.ActionService - getNextAction
2025-03-10 17:24:36 [Thread-5] INFO  v.s.s.service.BackgroundTaskService - 执行任务中...
2025-03-10 17:24:36 [Thread-5] INFO  v.s.spring.service.ActionService - getNextAction
2025-03-10 17:24:39 [Thread-5] INFO  v.s.s.service.BackgroundTaskService - 执行任务中...
2025-03-10 17:24:39 [Thread-5] INFO  v.s.spring.service.ActionService - getNextAction
2025-03-10 17:24:42 [Thread-5] INFO  v.s.s.service.BackgroundTaskService - 执行任务中...
2025-03-10 17:24:42 [Thread-5] INFO  v.s.spring.service.ActionService - getNextAction
2025-03-10 17:24:45 [Thread-5] INFO  v.s.s.service.BackgroundTaskService - 执行任务中...
2025-03-10 17:24:45 [Thread-5] INFO  v.s.spring.service.ActionService - getNextAction
2025-03-10 17:24:48 [Thread-5] INFO  v.s.s.service.BackgroundTaskService - 执行任务中...
2025-03-10 17:24:48 [Thread-5] INFO  v.s.spring.service.ActionService - getNextAction
2025-03-10 17:24:51 [Thread-5] INFO  v.s.s.service.BackgroundTaskService - 执行任务中...
2025-03-10 17:24:51 [Thread-5] INFO  v.s.spring.service.ActionService - getNextAction
2025-03-10 17:24:54 [Thread-5] INFO  v.s.s.service.BackgroundTaskService - 执行任务中...
2025-03-10 17:24:54 [Thread-5] INFO  v.s.spring.service.ActionService - getNextAction
2025-03-10 17:24:57 [Thread-5] INFO  v.s.s.service.BackgroundTaskService - 执行任务中...
2025-03-10 17:24:57 [Thread-5] INFO  v.s.spring.service.ActionService - getNextAction
2025-03-10 17:25:00 [Thread-5] INFO  v.s.s.service.BackgroundTaskService - 执行任务中...
2025-03-10 17:25:00 [Thread-5] INFO  v.s.spring.service.ActionService - getNextAction
2025-03-10 17:25:03 [Thread-5] INFO  v.s.s.service.BackgroundTaskService - 执行任务中...
2025-03-10 17:25:03 [Thread-5] INFO  v.s.spring.service.ActionService - getNextAction
2025-03-10 17:25:06 [Thread-5] INFO  v.s.s.service.BackgroundTaskService - 执行任务中...
2025-03-10 17:25:06 [Thread-5] INFO  v.s.spring.service.ActionService - getNextAction
2025-03-10 17:25:09 [Thread-5] INFO  v.s.s.service.BackgroundTaskService - 执行任务中...
2025-03-10 17:25:09 [Thread-5] INFO  v.s.spring.service.ActionService - getNextAction
2025-03-10 17:25:12 [Thread-5] INFO  v.s.s.service.BackgroundTaskService - 执行任务中...
2025-03-10 17:25:12 [Thread-5] INFO  v.s.spring.service.ActionService - getNextAction
2025-03-10 17:25:15 [Thread-5] INFO  v.s.s.service.BackgroundTaskService - 执行任务中...
2025-03-10 17:25:15 [Thread-5] INFO  v.s.spring.service.ActionService - getNextAction
2025-03-10 17:25:18 [Thread-5] INFO  v.s.s.service.BackgroundTaskService - 执行任务中...
2025-03-10 17:25:18 [Thread-5] INFO  v.s.spring.service.ActionService - getNextAction
2025-03-10 17:25:21 [Thread-5] INFO  v.s.s.service.BackgroundTaskService - 执行任务中...
2025-03-10 17:25:21 [Thread-5] INFO  v.s.spring.service.ActionService - getNextAction
2025-03-10 17:25:24 [Thread-5] INFO  v.s.s.service.BackgroundTaskService - 执行任务中...
2025-03-10 17:25:24 [Thread-5] INFO  v.s.spring.service.ActionService - getNextAction
2025-03-10 17:25:27 [Thread-5] INFO  v.s.s.service.BackgroundTaskService - 执行任务中...
2025-03-10 17:25:27 [Thread-5] INFO  v.s.spring.service.ActionService - getNextAction
2025-03-10 17:25:30 [Thread-5] INFO  v.s.s.service.BackgroundTaskService - 执行任务中...
2025-03-10 17:25:30 [Thread-5] INFO  v.s.spring.service.ActionService - getNextAction
2025-03-10 17:25:34 [Thread-5] INFO  v.s.s.service.BackgroundTaskService - 执行任务中...
2025-03-10 17:25:34 [Thread-5] INFO  v.s.spring.service.ActionService - getNextAction
2025-03-10 17:25:37 [Thread-5] INFO  v.s.s.service.BackgroundTaskService - 执行任务中...
2025-03-10 17:25:37 [Thread-5] INFO  v.s.spring.service.ActionService - getNextAction
2025-03-10 17:25:40 [Thread-5] INFO  v.s.s.service.BackgroundTaskService - 执行任务中...
2025-03-10 17:25:40 [Thread-5] INFO  v.s.spring.service.ActionService - getNextAction
2025-03-10 17:25:43 [Thread-5] INFO  v.s.s.service.BackgroundTaskService - 执行任务中...
2025-03-10 17:25:43 [Thread-5] INFO  v.s.spring.service.ActionService - getNextAction
2025-03-10 17:25:46 [Thread-5] INFO  v.s.s.service.BackgroundTaskService - 执行任务中...
2025-03-10 17:25:46 [Thread-5] INFO  v.s.spring.service.ActionService - getNextAction
2025-03-10 17:25:49 [Thread-5] INFO  v.s.s.service.BackgroundTaskService - 执行任务中...
2025-03-10 17:25:49 [Thread-5] INFO  v.s.spring.service.ActionService - getNextAction
2025-03-10 17:25:52 [Thread-5] INFO  v.s.s.service.BackgroundTaskService - 执行任务中...
2025-03-10 17:25:52 [Thread-5] INFO  v.s.spring.service.ActionService - getNextAction
2025-03-10 17:25:55 [Thread-5] INFO  v.s.s.service.BackgroundTaskService - 执行任务中...
2025-03-10 17:25:55 [Thread-5] INFO  v.s.spring.service.ActionService - getNextAction
2025-03-10 17:25:58 [Thread-5] INFO  v.s.s.service.BackgroundTaskService - 执行任务中...
2025-03-10 17:25:58 [Thread-5] INFO  v.s.spring.service.ActionService - getNextAction
2025-03-10 17:26:01 [Thread-5] INFO  v.s.s.service.BackgroundTaskService - 执行任务中...
2025-03-10 17:26:01 [Thread-5] INFO  v.s.spring.service.ActionService - getNextAction
2025-03-10 17:26:04 [Thread-5] INFO  v.s.s.service.BackgroundTaskService - 执行任务中...
2025-03-10 17:26:04 [Thread-5] INFO  v.s.spring.service.ActionService - getNextAction
2025-03-10 17:26:07 [Thread-5] INFO  v.s.s.service.BackgroundTaskService - 执行任务中...
2025-03-10 17:26:07 [Thread-5] INFO  v.s.spring.service.ActionService - getNextAction
2025-03-10 17:26:10 [Thread-5] INFO  v.s.s.service.BackgroundTaskService - 执行任务中...
2025-03-10 17:26:10 [Thread-5] INFO  v.s.spring.service.ActionService - getNextAction
2025-03-10 17:26:13 [Thread-5] INFO  v.s.s.service.BackgroundTaskService - 执行任务中...
2025-03-10 17:26:13 [Thread-5] INFO  v.s.spring.service.ActionService - getNextAction
2025-03-10 17:26:16 [Thread-5] INFO  v.s.s.service.BackgroundTaskService - 执行任务中...
2025-03-10 17:26:16 [Thread-5] INFO  v.s.spring.service.ActionService - getNextAction
2025-03-10 17:26:19 [Thread-5] INFO  v.s.s.service.BackgroundTaskService - 执行任务中...
2025-03-10 17:26:19 [Thread-5] INFO  v.s.spring.service.ActionService - getNextAction
2025-03-10 17:26:22 [Thread-5] INFO  v.s.s.service.BackgroundTaskService - 执行任务中...
2025-03-10 17:26:22 [Thread-5] INFO  v.s.spring.service.ActionService - getNextAction
2025-03-10 17:26:25 [Thread-5] INFO  v.s.s.service.BackgroundTaskService - 执行任务中...
2025-03-10 17:26:25 [Thread-5] INFO  v.s.spring.service.ActionService - getNextAction
2025-03-10 17:26:28 [Thread-5] INFO  v.s.s.service.BackgroundTaskService - 执行任务中...
2025-03-10 17:26:28 [Thread-5] INFO  v.s.spring.service.ActionService - getNextAction
2025-03-10 17:26:31 [Thread-5] INFO  v.s.s.service.BackgroundTaskService - 执行任务中...
2025-03-10 17:26:31 [Thread-5] INFO  v.s.spring.service.ActionService - getNextAction
2025-03-10 17:26:34 [Thread-5] INFO  v.s.s.service.BackgroundTaskService - 执行任务中...
2025-03-10 17:26:34 [Thread-5] INFO  v.s.spring.service.ActionService - getNextAction
2025-03-10 17:26:37 [Thread-5] INFO  v.s.s.service.BackgroundTaskService - 执行任务中...
2025-03-10 17:26:37 [Thread-5] INFO  v.s.spring.service.ActionService - getNextAction
2025-03-10 17:26:40 [Thread-5] INFO  v.s.s.service.BackgroundTaskService - 执行任务中...
2025-03-10 17:26:40 [Thread-5] INFO  v.s.spring.service.ActionService - getNextAction
2025-03-10 17:26:43 [Thread-5] INFO  v.s.s.service.BackgroundTaskService - 执行任务中...
2025-03-10 17:26:43 [Thread-5] INFO  v.s.spring.service.ActionService - getNextAction
2025-03-10 17:26:46 [Thread-5] INFO  v.s.s.service.BackgroundTaskService - 执行任务中...
2025-03-10 17:26:46 [Thread-5] INFO  v.s.spring.service.ActionService - getNextAction
2025-03-10 17:26:49 [Thread-5] INFO  v.s.s.service.BackgroundTaskService - 执行任务中...
2025-03-10 17:26:49 [Thread-5] INFO  v.s.spring.service.ActionService - getNextAction
2025-03-10 17:26:52 [Thread-5] INFO  v.s.s.service.BackgroundTaskService - 执行任务中...
2025-03-10 17:26:52 [Thread-5] INFO  v.s.spring.service.ActionService - getNextAction
2025-03-10 17:26:55 [Thread-5] INFO  v.s.s.service.BackgroundTaskService - 执行任务中...
2025-03-10 17:26:55 [Thread-5] INFO  v.s.spring.service.ActionService - getNextAction
2025-03-10 17:26:58 [Thread-5] INFO  v.s.s.service.BackgroundTaskService - 执行任务中...
2025-03-10 17:26:58 [Thread-5] INFO  v.s.spring.service.ActionService - getNextAction
2025-03-10 17:27:01 [Thread-5] INFO  v.s.s.service.BackgroundTaskService - 执行任务中...
2025-03-10 17:27:01 [Thread-5] INFO  v.s.spring.service.ActionService - getNextAction
2025-03-10 17:27:04 [Thread-5] INFO  v.s.s.service.BackgroundTaskService - 执行任务中...
2025-03-10 17:27:04 [Thread-5] INFO  v.s.spring.service.ActionService - getNextAction
2025-03-10 17:27:07 [Thread-5] INFO  v.s.s.service.BackgroundTaskService - 执行任务中...
2025-03-10 17:27:07 [Thread-5] INFO  v.s.spring.service.ActionService - getNextAction
2025-03-10 17:27:10 [Thread-5] INFO  v.s.s.service.BackgroundTaskService - 执行任务中...
2025-03-10 17:27:10 [Thread-5] INFO  v.s.spring.service.ActionService - getNextAction
2025-03-10 17:27:13 [Thread-5] INFO  v.s.s.service.BackgroundTaskService - 执行任务中...
2025-03-10 17:27:13 [Thread-5] INFO  v.s.spring.service.ActionService - getNextAction
2025-03-10 17:27:16 [Thread-5] INFO  v.s.s.service.BackgroundTaskService - 执行任务中...
2025-03-10 17:27:16 [Thread-5] INFO  v.s.spring.service.ActionService - getNextAction
2025-03-10 17:27:19 [Thread-5] INFO  v.s.s.service.BackgroundTaskService - 执行任务中...
2025-03-10 17:27:19 [Thread-5] INFO  v.s.spring.service.ActionService - getNextAction
2025-03-10 17:27:22 [Thread-5] INFO  v.s.s.service.BackgroundTaskService - 执行任务中...
2025-03-10 17:27:22 [Thread-5] INFO  v.s.spring.service.ActionService - getNextAction
2025-03-10 17:27:25 [Thread-5] INFO  v.s.s.service.BackgroundTaskService - 执行任务中...
2025-03-10 17:27:25 [Thread-5] INFO  v.s.spring.service.ActionService - getNextAction
2025-03-10 17:27:28 [Thread-5] INFO  v.s.s.service.BackgroundTaskService - 执行任务中...
2025-03-10 17:27:28 [Thread-5] INFO  v.s.spring.service.ActionService - getNextAction
2025-03-10 17:27:31 [Thread-5] INFO  v.s.s.service.BackgroundTaskService - 执行任务中...
2025-03-10 17:27:31 [Thread-5] INFO  v.s.spring.service.ActionService - getNextAction
2025-03-10 17:27:34 [Thread-5] INFO  v.s.s.service.BackgroundTaskService - 执行任务中...
2025-03-10 17:27:34 [Thread-5] INFO  v.s.spring.service.ActionService - getNextAction
2025-03-10 17:27:37 [Thread-5] INFO  v.s.s.service.BackgroundTaskService - 执行任务中...
2025-03-10 17:27:37 [Thread-5] INFO  v.s.spring.service.ActionService - getNextAction
2025-03-10 17:27:40 [Thread-5] INFO  v.s.s.service.BackgroundTaskService - 执行任务中...
2025-03-10 17:27:40 [Thread-5] INFO  v.s.spring.service.ActionService - getNextAction
2025-03-10 17:27:43 [Thread-5] INFO  v.s.s.service.BackgroundTaskService - 执行任务中...
2025-03-10 17:27:43 [Thread-5] INFO  v.s.spring.service.ActionService - getNextAction
2025-03-10 17:27:46 [Thread-5] INFO  v.s.s.service.BackgroundTaskService - 执行任务中...
2025-03-10 17:27:46 [Thread-5] INFO  v.s.spring.service.ActionService - getNextAction
2025-03-10 17:27:49 [Thread-5] INFO  v.s.s.service.BackgroundTaskService - 执行任务中...
2025-03-10 17:27:49 [Thread-5] INFO  v.s.spring.service.ActionService - getNextAction
2025-03-10 17:27:52 [Thread-5] INFO  v.s.s.service.BackgroundTaskService - 执行任务中...
2025-03-10 17:27:52 [Thread-5] INFO  v.s.spring.service.ActionService - getNextAction
2025-03-10 17:27:55 [Thread-5] INFO  v.s.s.service.BackgroundTaskService - 执行任务中...
2025-03-10 17:27:55 [Thread-5] INFO  v.s.spring.service.ActionService - getNextAction
2025-03-10 17:27:58 [Thread-5] INFO  v.s.s.service.BackgroundTaskService - 执行任务中...
2025-03-10 17:27:58 [Thread-5] INFO  v.s.spring.service.ActionService - getNextAction
2025-03-10 17:28:01 [Thread-5] INFO  v.s.s.service.BackgroundTaskService - 执行任务中...
2025-03-10 17:28:01 [Thread-5] INFO  v.s.spring.service.ActionService - getNextAction
2025-03-10 17:28:04 [Thread-5] INFO  v.s.s.service.BackgroundTaskService - 执行任务中...
2025-03-10 17:28:04 [Thread-5] INFO  v.s.spring.service.ActionService - getNextAction
2025-03-10 17:28:07 [Thread-5] INFO  v.s.s.service.BackgroundTaskService - 执行任务中...
2025-03-10 17:28:07 [Thread-5] INFO  v.s.spring.service.ActionService - getNextAction
2025-03-10 17:28:10 [Thread-5] INFO  v.s.s.service.BackgroundTaskService - 执行任务中...
2025-03-10 17:28:10 [Thread-5] INFO  v.s.spring.service.ActionService - getNextAction
2025-03-10 17:28:13 [Thread-5] INFO  v.s.s.service.BackgroundTaskService - 执行任务中...
2025-03-10 17:28:13 [Thread-5] INFO  v.s.spring.service.ActionService - getNextAction
2025-03-10 17:28:16 [Thread-5] INFO  v.s.s.service.BackgroundTaskService - 执行任务中...
2025-03-10 17:28:16 [Thread-5] INFO  v.s.spring.service.ActionService - getNextAction
2025-03-10 17:28:19 [Thread-5] INFO  v.s.s.service.BackgroundTaskService - 执行任务中...
2025-03-10 17:28:19 [Thread-5] INFO  v.s.spring.service.ActionService - getNextAction
2025-03-10 17:28:22 [Thread-5] INFO  v.s.s.service.BackgroundTaskService - 执行任务中...
2025-03-10 17:28:22 [Thread-5] INFO  v.s.spring.service.ActionService - getNextAction
2025-03-10 17:28:25 [Thread-5] INFO  v.s.s.service.BackgroundTaskService - 执行任务中...
2025-03-10 17:28:25 [Thread-5] INFO  v.s.spring.service.ActionService - getNextAction
2025-03-10 17:28:28 [Thread-5] INFO  v.s.s.service.BackgroundTaskService - 执行任务中...
2025-03-10 17:28:28 [Thread-5] INFO  v.s.spring.service.ActionService - getNextAction
2025-03-10 17:28:31 [Thread-5] INFO  v.s.s.service.BackgroundTaskService - 执行任务中...
2025-03-10 17:28:31 [Thread-5] INFO  v.s.spring.service.ActionService - getNextAction
2025-03-10 17:28:34 [Thread-5] INFO  v.s.s.service.BackgroundTaskService - 执行任务中...
2025-03-10 17:28:34 [Thread-5] INFO  v.s.spring.service.ActionService - getNextAction
2025-03-10 17:28:37 [Thread-5] INFO  v.s.s.service.BackgroundTaskService - 执行任务中...
2025-03-10 17:28:37 [Thread-5] INFO  v.s.spring.service.ActionService - getNextAction
2025-03-10 17:28:40 [Thread-5] INFO  v.s.s.service.BackgroundTaskService - 执行任务中...
2025-03-10 17:28:40 [Thread-5] INFO  v.s.spring.service.ActionService - getNextAction
2025-03-10 17:28:43 [Thread-5] INFO  v.s.s.service.BackgroundTaskService - 执行任务中...
2025-03-10 17:28:43 [Thread-5] INFO  v.s.spring.service.ActionService - getNextAction
2025-03-10 17:28:46 [Thread-5] INFO  v.s.s.service.BackgroundTaskService - 执行任务中...
2025-03-10 17:28:46 [Thread-5] INFO  v.s.spring.service.ActionService - getNextAction
2025-03-10 17:28:49 [Thread-5] INFO  v.s.s.service.BackgroundTaskService - 执行任务中...
2025-03-10 17:28:49 [Thread-5] INFO  v.s.spring.service.ActionService - getNextAction
2025-03-10 17:28:52 [Thread-5] INFO  v.s.s.service.BackgroundTaskService - 执行任务中...
2025-03-10 17:28:52 [Thread-5] INFO  v.s.spring.service.ActionService - getNextAction
2025-03-10 17:28:55 [Thread-5] INFO  v.s.s.service.BackgroundTaskService - 执行任务中...
2025-03-10 17:28:55 [Thread-5] INFO  v.s.spring.service.ActionService - getNextAction
2025-03-10 17:28:58 [Thread-5] INFO  v.s.s.service.BackgroundTaskService - 执行任务中...
2025-03-10 17:28:58 [Thread-5] INFO  v.s.spring.service.ActionService - getNextAction
2025-03-10 17:29:01 [Thread-5] INFO  v.s.s.service.BackgroundTaskService - 执行任务中...
2025-03-10 17:29:01 [Thread-5] INFO  v.s.spring.service.ActionService - getNextAction
2025-03-10 17:29:04 [Thread-5] INFO  v.s.s.service.BackgroundTaskService - 执行任务中...
2025-03-10 17:29:04 [Thread-5] INFO  v.s.spring.service.ActionService - getNextAction
2025-03-10 17:29:07 [Thread-5] INFO  v.s.s.service.BackgroundTaskService - 执行任务中...
2025-03-10 17:29:07 [Thread-5] INFO  v.s.spring.service.ActionService - getNextAction
2025-03-10 17:29:10 [Thread-5] INFO  v.s.s.service.BackgroundTaskService - 执行任务中...
2025-03-10 17:29:10 [Thread-5] INFO  v.s.spring.service.ActionService - getNextAction
2025-03-10 17:29:13 [Thread-5] INFO  v.s.s.service.BackgroundTaskService - 执行任务中...
2025-03-10 17:29:13 [Thread-5] INFO  v.s.spring.service.ActionService - getNextAction
2025-03-10 17:29:16 [Thread-5] INFO  v.s.s.service.BackgroundTaskService - 执行任务中...
2025-03-10 17:29:16 [Thread-5] INFO  v.s.spring.service.ActionService - getNextAction
2025-03-10 17:29:19 [Thread-5] INFO  v.s.s.service.BackgroundTaskService - 执行任务中...
2025-03-10 17:29:19 [Thread-5] INFO  v.s.spring.service.ActionService - getNextAction
2025-03-10 17:29:22 [Thread-5] INFO  v.s.s.service.BackgroundTaskService - 执行任务中...
2025-03-10 17:29:22 [Thread-5] INFO  v.s.spring.service.ActionService - getNextAction
2025-03-10 17:29:25 [Thread-5] INFO  v.s.s.service.BackgroundTaskService - 执行任务中...
2025-03-10 17:29:25 [Thread-5] INFO  v.s.spring.service.ActionService - getNextAction
2025-03-10 17:29:28 [Thread-5] INFO  v.s.s.service.BackgroundTaskService - 执行任务中...
2025-03-10 17:29:28 [Thread-5] INFO  v.s.spring.service.ActionService - getNextAction
2025-03-10 17:29:31 [Thread-5] INFO  v.s.s.service.BackgroundTaskService - 执行任务中...
2025-03-10 17:29:31 [Thread-5] INFO  v.s.spring.service.ActionService - getNextAction
2025-03-10 17:29:34 [Thread-5] INFO  v.s.s.service.BackgroundTaskService - 执行任务中...
2025-03-10 17:29:34 [Thread-5] INFO  v.s.spring.service.ActionService - getNextAction
2025-03-10 17:29:37 [Thread-5] INFO  v.s.s.service.BackgroundTaskService - 执行任务中...
2025-03-10 17:29:37 [Thread-5] INFO  v.s.spring.service.ActionService - getNextAction
2025-03-10 17:29:40 [Thread-5] INFO  v.s.s.service.BackgroundTaskService - 执行任务中...
2025-03-10 17:29:40 [Thread-5] INFO  v.s.spring.service.ActionService - getNextAction
2025-03-10 17:29:43 [Thread-5] INFO  v.s.s.service.BackgroundTaskService - 执行任务中...
2025-03-10 17:29:43 [Thread-5] INFO  v.s.spring.service.ActionService - getNextAction
2025-03-10 17:29:46 [Thread-5] INFO  v.s.s.service.BackgroundTaskService - 执行任务中...
2025-03-10 17:29:46 [Thread-5] INFO  v.s.spring.service.ActionService - getNextAction
2025-03-10 17:29:49 [Thread-5] INFO  v.s.s.service.BackgroundTaskService - 执行任务中...
2025-03-10 17:29:49 [Thread-5] INFO  v.s.spring.service.ActionService - getNextAction
2025-03-10 17:29:52 [Thread-5] INFO  v.s.s.service.BackgroundTaskService - 执行任务中...
2025-03-10 17:29:52 [Thread-5] INFO  v.s.spring.service.ActionService - getNextAction
2025-03-10 17:29:55 [Thread-5] INFO  v.s.s.service.BackgroundTaskService - 执行任务中...
2025-03-10 17:29:55 [Thread-5] INFO  v.s.spring.service.ActionService - getNextAction
2025-03-10 17:29:58 [Thread-5] INFO  v.s.s.service.BackgroundTaskService - 执行任务中...
2025-03-10 17:29:58 [Thread-5] INFO  v.s.spring.service.ActionService - getNextAction
2025-03-10 17:30:01 [Thread-5] INFO  v.s.s.service.BackgroundTaskService - 执行任务中...
2025-03-10 17:30:01 [Thread-5] INFO  v.s.spring.service.ActionService - getNextAction
2025-03-10 17:30:04 [Thread-5] INFO  v.s.s.service.BackgroundTaskService - 执行任务中...
2025-03-10 17:30:04 [Thread-5] INFO  v.s.spring.service.ActionService - getNextAction
2025-03-10 17:30:07 [Thread-5] INFO  v.s.s.service.BackgroundTaskService - 执行任务中...
2025-03-10 17:30:07 [Thread-5] INFO  v.s.spring.service.ActionService - getNextAction
2025-03-10 17:30:10 [Thread-5] INFO  v.s.s.service.BackgroundTaskService - 执行任务中...
2025-03-10 17:30:10 [Thread-5] INFO  v.s.spring.service.ActionService - getNextAction
2025-03-10 17:30:13 [Thread-5] INFO  v.s.s.service.BackgroundTaskService - 执行任务中...
2025-03-10 17:30:13 [Thread-5] INFO  v.s.spring.service.ActionService - getNextAction
2025-03-10 17:30:16 [Thread-5] INFO  v.s.s.service.BackgroundTaskService - 执行任务中...
2025-03-10 17:30:16 [Thread-5] INFO  v.s.spring.service.ActionService - getNextAction
2025-03-10 17:30:19 [Thread-5] INFO  v.s.s.service.BackgroundTaskService - 执行任务中...
2025-03-10 17:30:19 [Thread-5] INFO  v.s.spring.service.ActionService - getNextAction
2025-03-10 17:30:22 [Thread-5] INFO  v.s.s.service.BackgroundTaskService - 执行任务中...
2025-03-10 17:30:22 [Thread-5] INFO  v.s.spring.service.ActionService - getNextAction
2025-03-10 17:30:25 [Thread-5] INFO  v.s.s.service.BackgroundTaskService - 执行任务中...
2025-03-10 17:30:25 [Thread-5] INFO  v.s.spring.service.ActionService - getNextAction
2025-03-10 17:30:28 [Thread-5] INFO  v.s.s.service.BackgroundTaskService - 执行任务中...
2025-03-10 17:30:28 [Thread-5] INFO  v.s.spring.service.ActionService - getNextAction
2025-03-10 17:30:31 [Thread-5] INFO  v.s.s.service.BackgroundTaskService - 执行任务中...
2025-03-10 17:30:31 [Thread-5] INFO  v.s.spring.service.ActionService - getNextAction
2025-03-10 17:30:34 [Thread-5] INFO  v.s.s.service.BackgroundTaskService - 执行任务中...
2025-03-10 17:30:34 [Thread-5] INFO  v.s.spring.service.ActionService - getNextAction
2025-03-10 17:30:37 [Thread-5] INFO  v.s.s.service.BackgroundTaskService - 执行任务中...
2025-03-10 17:30:37 [Thread-5] INFO  v.s.spring.service.ActionService - getNextAction
2025-03-10 17:30:40 [Thread-5] INFO  v.s.s.service.BackgroundTaskService - 执行任务中...
2025-03-10 17:30:40 [Thread-5] INFO  v.s.spring.service.ActionService - getNextAction
2025-03-10 17:30:43 [Thread-5] INFO  v.s.s.service.BackgroundTaskService - 执行任务中...
2025-03-10 17:30:43 [Thread-5] INFO  v.s.spring.service.ActionService - getNextAction
2025-03-10 17:30:46 [Thread-5] INFO  v.s.s.service.BackgroundTaskService - 执行任务中...
2025-03-10 17:30:46 [Thread-5] INFO  v.s.spring.service.ActionService - getNextAction
2025-03-10 17:30:49 [Thread-5] INFO  v.s.s.service.BackgroundTaskService - 执行任务中...
2025-03-10 17:30:49 [Thread-5] INFO  v.s.spring.service.ActionService - getNextAction
2025-03-10 17:30:52 [Thread-5] INFO  v.s.s.service.BackgroundTaskService - 执行任务中...
2025-03-10 17:30:52 [Thread-5] INFO  v.s.spring.service.ActionService - getNextAction
2025-03-10 17:30:55 [Thread-5] INFO  v.s.s.service.BackgroundTaskService - 执行任务中...
2025-03-10 17:30:55 [Thread-5] INFO  v.s.spring.service.ActionService - getNextAction
2025-03-10 17:30:58 [Thread-5] INFO  v.s.s.service.BackgroundTaskService - 执行任务中...
2025-03-10 17:30:58 [Thread-5] INFO  v.s.spring.service.ActionService - getNextAction
2025-03-10 17:31:01 [Thread-5] INFO  v.s.s.service.BackgroundTaskService - 执行任务中...
2025-03-10 17:31:01 [Thread-5] INFO  v.s.spring.service.ActionService - getNextAction
2025-03-10 17:31:04 [Thread-5] INFO  v.s.s.service.BackgroundTaskService - 执行任务中...
2025-03-10 17:31:04 [Thread-5] INFO  v.s.spring.service.ActionService - getNextAction
2025-03-10 17:31:07 [Thread-5] INFO  v.s.s.service.BackgroundTaskService - 执行任务中...
2025-03-10 17:31:07 [Thread-5] INFO  v.s.spring.service.ActionService - getNextAction
2025-03-10 17:31:10 [Thread-5] INFO  v.s.s.service.BackgroundTaskService - 执行任务中...
2025-03-10 17:31:10 [Thread-5] INFO  v.s.spring.service.ActionService - getNextAction
2025-03-10 17:31:13 [Thread-5] INFO  v.s.s.service.BackgroundTaskService - 执行任务中...
2025-03-10 17:31:13 [Thread-5] INFO  v.s.spring.service.ActionService - getNextAction
2025-03-10 17:31:16 [Thread-5] INFO  v.s.s.service.BackgroundTaskService - 执行任务中...
2025-03-10 17:31:16 [Thread-5] INFO  v.s.spring.service.ActionService - getNextAction
2025-03-10 17:31:19 [Thread-5] INFO  v.s.s.service.BackgroundTaskService - 执行任务中...
2025-03-10 17:31:19 [Thread-5] INFO  v.s.spring.service.ActionService - getNextAction
2025-03-10 17:31:22 [Thread-5] INFO  v.s.s.service.BackgroundTaskService - 执行任务中...
2025-03-10 17:31:22 [Thread-5] INFO  v.s.spring.service.ActionService - getNextAction
2025-03-10 17:31:25 [Thread-5] INFO  v.s.s.service.BackgroundTaskService - 执行任务中...
2025-03-10 17:31:25 [Thread-5] INFO  v.s.spring.service.ActionService - getNextAction
2025-03-10 17:31:28 [Thread-5] INFO  v.s.s.service.BackgroundTaskService - 执行任务中...
2025-03-10 17:31:28 [Thread-5] INFO  v.s.spring.service.ActionService - getNextAction
2025-03-10 17:31:31 [Thread-5] INFO  v.s.s.service.BackgroundTaskService - 执行任务中...
2025-03-10 17:31:31 [Thread-5] INFO  v.s.spring.service.ActionService - getNextAction
2025-03-10 17:31:34 [Thread-5] INFO  v.s.s.service.BackgroundTaskService - 执行任务中...
2025-03-10 17:31:34 [Thread-5] INFO  v.s.spring.service.ActionService - getNextAction
2025-03-10 17:31:37 [Thread-5] INFO  v.s.s.service.BackgroundTaskService - 执行任务中...
2025-03-10 17:31:37 [Thread-5] INFO  v.s.spring.service.ActionService - getNextAction
2025-03-10 17:31:40 [Thread-5] INFO  v.s.s.service.BackgroundTaskService - 执行任务中...
2025-03-10 17:31:40 [Thread-5] INFO  v.s.spring.service.ActionService - getNextAction
2025-03-10 17:31:43 [Thread-5] INFO  v.s.s.service.BackgroundTaskService - 执行任务中...
2025-03-10 17:31:43 [Thread-5] INFO  v.s.spring.service.ActionService - getNextAction
2025-03-10 17:31:46 [SpringApplicationShutdownHook] INFO  o.s.b.w.e.tomcat.GracefulShutdown - Commencing graceful shutdown. Waiting for active requests to complete
2025-03-10 17:31:46 [tomcat-shutdown] INFO  o.s.b.w.e.tomcat.GracefulShutdown - Graceful shutdown complete
2025-03-10 17:31:46 [SpringApplicationShutdownHook] INFO  v.s.s.service.BackgroundTaskService - 后台任务已停止
